0 info it worked if it ends with ok
1 verbose cli [ 'C:\\Users\\212391884\\projects\\html5\\demo\\dablog\\yo\\node\\node.exe',
1 verbose cli   'C:\\Users\\212391884\\projects\\html5\\demo\\dablog\\yo\\node\\node_modules\\npm\\bin\\npm-cli.js',
1 verbose cli   'install',
1 verbose cli   '--color=false' ]
2 info using npm@1.4.12
3 info using node@v0.10.29
4 verbose readDependencies using package.json deps
5 verbose install where, deps [ 'C:\\Users\\212391884\\projects\\html5\\demo\\dablog\\yo',
5 verbose install   [ 'autoprefixer-core',
5 verbose install     'grunt',
5 verbose install     'grunt-angular-templates',
5 verbose install     'grunt-concurrent',
5 verbose install     'grunt-connect-proxy',
5 verbose install     'grunt-contrib-clean',
5 verbose install     'grunt-contrib-compass',
5 verbose install     'grunt-contrib-concat',
5 verbose install     'grunt-contrib-connect',
5 verbose install     'grunt-contrib-copy',
5 verbose install     'grunt-contrib-cssmin',
5 verbose install     'grunt-contrib-htmlmin',
5 verbose install     'grunt-contrib-imagemin',
5 verbose install     'grunt-contrib-jshint',
5 verbose install     'grunt-contrib-uglify',
5 verbose install     'grunt-contrib-watch',
5 verbose install     'grunt-filerev',
5 verbose install     'grunt-google-cdn',
5 verbose install     'grunt-jscs',
5 verbose install     'grunt-karma',
5 verbose install     'grunt-newer',
5 verbose install     'grunt-ng-annotate',
5 verbose install     'grunt-postcss',
5 verbose install     'grunt-svgmin',
5 verbose install     'grunt-usemin',
5 verbose install     'grunt-wiredep',
5 verbose install     'jasmin-core',
5 verbose install     'jit-grunt',
5 verbose install     'jshint-stylish',
5 verbose install     'phantomjs-prebuilt',
5 verbose install     'karma-jasmine',
5 verbose install     'karma-phantomjs-launcher',
5 verbose install     'time-grunt' ] ]
6 info preinstall angularyo@
7 warn package.json callsite@1.0.0 No repository field.
8 warn package.json dateformat@1.0.2-1.2.3 No repository field.
9 warn package.json faye-websocket@0.4.4 'repositories' (plural) Not supported. Please pick one as the 'repository' field
10 warn package.json eyes@0.1.8 No repository field.
11 warn package.json has-binary@0.1.7 No repository field.
12 warn package.json indexof@0.0.1 No repository field.
13 warn package.json object-component@0.0.3 No repository field.
14 warn package.json parsejson@0.0.1 No repository field.
15 warn package.json parseqs@0.0.2 No repository field.
16 warn package.json punycode@1.4.0 punycode is also the name of a node core module.
17 warn package.json string_decoder@0.10.31 string_decoder is also the name of a node core module.
18 verbose readDependencies using package.json deps
19 verbose already installed skipping autoprefixer-core@^5.2.1 C:\Users\212391884\projects\html5\demo\dablog\yo
20 verbose already installed skipping grunt@^0.4.5 C:\Users\212391884\projects\html5\demo\dablog\yo
21 verbose already installed skipping grunt-angular-templates@^0.5.7 C:\Users\212391884\projects\html5\demo\dablog\yo
22 verbose already installed skipping grunt-concurrent@^1.0.0 C:\Users\212391884\projects\html5\demo\dablog\yo
23 verbose already installed skipping grunt-connect-proxy@^0.2.0 C:\Users\212391884\projects\html5\demo\dablog\yo
24 verbose already installed skipping grunt-contrib-clean@^0.6.0 C:\Users\212391884\projects\html5\demo\dablog\yo
25 verbose already installed skipping grunt-contrib-compass@^1.0.0 C:\Users\212391884\projects\html5\demo\dablog\yo
26 verbose already installed skipping grunt-contrib-concat@^0.5.0 C:\Users\212391884\projects\html5\demo\dablog\yo
27 verbose already installed skipping grunt-contrib-connect@^0.9.0 C:\Users\212391884\projects\html5\demo\dablog\yo
28 verbose already installed skipping grunt-contrib-copy@^0.7.0 C:\Users\212391884\projects\html5\demo\dablog\yo
29 verbose already installed skipping grunt-contrib-cssmin@^0.12.0 C:\Users\212391884\projects\html5\demo\dablog\yo
30 verbose already installed skipping grunt-contrib-htmlmin@^0.4.0 C:\Users\212391884\projects\html5\demo\dablog\yo
31 verbose already installed skipping grunt-contrib-imagemin@^1.0.0 C:\Users\212391884\projects\html5\demo\dablog\yo
32 verbose already installed skipping grunt-contrib-jshint@^0.11.0 C:\Users\212391884\projects\html5\demo\dablog\yo
33 verbose already installed skipping grunt-contrib-uglify@^0.7.0 C:\Users\212391884\projects\html5\demo\dablog\yo
34 verbose already installed skipping grunt-contrib-watch@^0.6.1 C:\Users\212391884\projects\html5\demo\dablog\yo
35 verbose already installed skipping grunt-filerev@^2.1.2 C:\Users\212391884\projects\html5\demo\dablog\yo
36 verbose already installed skipping grunt-google-cdn@^0.4.3 C:\Users\212391884\projects\html5\demo\dablog\yo
37 verbose already installed skipping grunt-jscs@^1.8.0 C:\Users\212391884\projects\html5\demo\dablog\yo
38 verbose already installed skipping grunt-karma@* C:\Users\212391884\projects\html5\demo\dablog\yo
39 verbose already installed skipping grunt-newer@^1.1.0 C:\Users\212391884\projects\html5\demo\dablog\yo
40 verbose already installed skipping grunt-ng-annotate@^0.9.2 C:\Users\212391884\projects\html5\demo\dablog\yo
41 verbose already installed skipping grunt-postcss@^0.5.5 C:\Users\212391884\projects\html5\demo\dablog\yo
42 verbose already installed skipping grunt-svgmin@^2.0.0 C:\Users\212391884\projects\html5\demo\dablog\yo
43 verbose already installed skipping grunt-usemin@^3.0.0 C:\Users\212391884\projects\html5\demo\dablog\yo
44 verbose already installed skipping grunt-wiredep@^2.0.0 C:\Users\212391884\projects\html5\demo\dablog\yo
45 verbose cache add [ 'jasmin-core@*', null ]
46 verbose cache add name=undefined spec="jasmin-core@*" args=["jasmin-core@*",null]
47 verbose parsed url { protocol: null,
47 verbose parsed url   slashes: null,
47 verbose parsed url   auth: null,
47 verbose parsed url   host: null,
47 verbose parsed url   port: null,
47 verbose parsed url   hostname: null,
47 verbose parsed url   hash: null,
47 verbose parsed url   search: null,
47 verbose parsed url   query: null,
47 verbose parsed url   pathname: 'jasmin-core@*',
47 verbose parsed url   path: 'jasmin-core@*',
47 verbose parsed url   href: 'jasmin-core@*' }
48 verbose already installed skipping jit-grunt@^0.9.1 C:\Users\212391884\projects\html5\demo\dablog\yo
49 verbose already installed skipping jshint-stylish@^1.0.0 C:\Users\212391884\projects\html5\demo\dablog\yo
50 verbose cache add [ 'phantomjs-prebuilt@*', null ]
51 verbose cache add name=undefined spec="phantomjs-prebuilt@*" args=["phantomjs-prebuilt@*",null]
52 verbose parsed url { protocol: null,
52 verbose parsed url   slashes: null,
52 verbose parsed url   auth: null,
52 verbose parsed url   host: null,
52 verbose parsed url   port: null,
52 verbose parsed url   hostname: null,
52 verbose parsed url   hash: null,
52 verbose parsed url   search: null,
52 verbose parsed url   query: null,
52 verbose parsed url   pathname: 'phantomjs-prebuilt@*',
52 verbose parsed url   path: 'phantomjs-prebuilt@*',
52 verbose parsed url   href: 'phantomjs-prebuilt@*' }
53 verbose already installed skipping karma-jasmine@* C:\Users\212391884\projects\html5\demo\dablog\yo
54 verbose already installed skipping karma-phantomjs-launcher@* C:\Users\212391884\projects\html5\demo\dablog\yo
55 verbose already installed skipping time-grunt@^1.0.0 C:\Users\212391884\projects\html5\demo\dablog\yo
56 verbose cache add name="jasmin-core" spec="*" args=["jasmin-core","*"]
57 verbose parsed url { protocol: null,
57 verbose parsed url   slashes: null,
57 verbose parsed url   auth: null,
57 verbose parsed url   host: null,
57 verbose parsed url   port: null,
57 verbose parsed url   hostname: null,
57 verbose parsed url   hash: null,
57 verbose parsed url   search: null,
57 verbose parsed url   query: null,
57 verbose parsed url   pathname: '*',
57 verbose parsed url   path: '*',
57 verbose parsed url   href: '*' }
58 verbose addNamed [ 'jasmin-core', '*' ]
59 verbose addNamed [ null, '*' ]
60 verbose cache add name="phantomjs-prebuilt" spec="*" args=["phantomjs-prebuilt","*"]
61 verbose parsed url { protocol: null,
61 verbose parsed url   slashes: null,
61 verbose parsed url   auth: null,
61 verbose parsed url   host: null,
61 verbose parsed url   port: null,
61 verbose parsed url   hostname: null,
61 verbose parsed url   hash: null,
61 verbose parsed url   search: null,
61 verbose parsed url   query: null,
61 verbose parsed url   pathname: '*',
61 verbose parsed url   path: '*',
61 verbose parsed url   href: '*' }
62 verbose addNamed [ 'phantomjs-prebuilt', '*' ]
63 verbose addNamed [ null, '*' ]
64 silly lockFile e3a6077a-jasmin-core jasmin-core@*
65 verbose lock jasmin-core@* C:\Users\212391884\AppData\Roaming\npm-cache\e3a6077a-jasmin-core.lock
66 silly lockFile 951c0825-phantomjs-prebuilt phantomjs-prebuilt@*
67 verbose lock phantomjs-prebuilt@* C:\Users\212391884\AppData\Roaming\npm-cache\951c0825-phantomjs-prebuilt.lock
68 silly addNameRange { name: 'phantomjs-prebuilt', range: '*', hasData: false }
69 silly addNameRange { name: 'jasmin-core', range: '*', hasData: false }
70 verbose url raw phantomjs-prebuilt
71 verbose url resolving [ 'https://registry.npmjs.org/', './phantomjs-prebuilt' ]
72 verbose url resolved https://registry.npmjs.org/phantomjs-prebuilt
73 info trying registry request attempt 1 at 15:46:19
74 verbose etag "DAQMEDSH8ITYQJ3WZBRSDBL0V"
75 http GET https://registry.npmjs.org/phantomjs-prebuilt
76 verbose url raw jasmin-core
77 verbose url resolving [ 'https://registry.npmjs.org/', './jasmin-core' ]
78 verbose url resolved https://registry.npmjs.org/jasmin-core
79 info trying registry request attempt 1 at 15:46:19
80 http GET https://registry.npmjs.org/jasmin-core
81 http 304 https://registry.npmjs.org/phantomjs-prebuilt
82 silly registry.get cb [ 304,
82 silly registry.get   { date: 'Mon, 29 Feb 2016 14:46:20 GMT',
82 silly registry.get     via: '1.1 varnish',
82 silly registry.get     'cache-control': 'max-age=300',
82 silly registry.get     etag: '"DAQMEDSH8ITYQJ3WZBRSDBL0V"',
82 silly registry.get     age: '19',
82 silly registry.get     connection: 'keep-alive',
82 silly registry.get     'x-served-by': 'cache-lhr6322-LHR',
82 silly registry.get     'x-cache': 'HIT',
82 silly registry.get     'x-cache-hits': '1',
82 silly registry.get     'x-timer': 'S1456757180.066153,VS0,VE0',
82 silly registry.get     vary: 'Accept' } ]
83 verbose etag phantomjs-prebuilt from cache
84 silly addNameRange number 2 { name: 'phantomjs-prebuilt', range: '*', hasData: true }
85 silly addNameRange versions [ 'phantomjs-prebuilt', [ '2.1.2', '2.1.3', '2.1.4' ] ]
86 verbose addNamed [ 'phantomjs-prebuilt', '2.1.4' ]
87 verbose addNamed [ '2.1.4', '2.1.4' ]
88 silly lockFile 32b31592-phantomjs-prebuilt-2-1-4 phantomjs-prebuilt@2.1.4
89 verbose lock phantomjs-prebuilt@2.1.4 C:\Users\212391884\AppData\Roaming\npm-cache\32b31592-phantomjs-prebuilt-2-1-4.lock
90 silly lockFile 32b31592-phantomjs-prebuilt-2-1-4 phantomjs-prebuilt@2.1.4
91 silly lockFile 32b31592-phantomjs-prebuilt-2-1-4 phantomjs-prebuilt@2.1.4
92 silly lockFile 951c0825-phantomjs-prebuilt phantomjs-prebuilt@*
93 silly lockFile 951c0825-phantomjs-prebuilt phantomjs-prebuilt@*
94 http 404 https://registry.npmjs.org/jasmin-core
95 silly registry.get cb [ 404,
95 silly registry.get   { 'content-type': 'application/json',
95 silly registry.get     'cache-control': 'max-age=0',
95 silly registry.get     'content-length': '2',
95 silly registry.get     'accept-ranges': 'bytes',
95 silly registry.get     date: 'Mon, 29 Feb 2016 14:46:20 GMT',
95 silly registry.get     via: '1.1 varnish',
95 silly registry.get     age: '0',
95 silly registry.get     connection: 'keep-alive',
95 silly registry.get     'x-served-by': 'cache-lhr6333-LHR',
95 silly registry.get     'x-cache': 'MISS',
95 silly registry.get     'x-cache-hits': '0',
95 silly registry.get     'x-timer': 'S1456757180.034327,VS0,VE156' } ]
96 silly lockFile e3a6077a-jasmin-core jasmin-core@*
97 silly lockFile e3a6077a-jasmin-core jasmin-core@*
98 error 404 Not Found
98 error 404
98 error 404 'jasmin-core' is not in the npm registry.
98 error 404 You should bug the author to publish it
98 error 404 It was specified as a dependency of 'angularyo'
98 error 404
98 error 404 Note that you can also install from a
98 error 404 tarball, folder, or http url, or git url.
99 error System Windows_NT 6.1.7601
100 error command "C:\\Users\\212391884\\projects\\html5\\demo\\dablog\\yo\\node\\node.exe" "C:\\Users\\212391884\\projects\\html5\\demo\\dablog\\yo\\node\\node_modules\\npm\\bin\\npm-cli.js" "install" "--color=false"
101 error cwd C:\Users\212391884\projects\html5\demo\dablog\yo
102 error node -v v0.10.29
103 error npm -v 1.4.12
104 error code E404
105 verbose exit [ 1, true ]
