Apache Maven 3.3.9 (bb52d8502b132ec0a5a3f4c09453c07478323dc5; 2015-11-10T17:41:47+01:00)
Maven home: /home/frederic/tools/maven/3.3.9
Java version: 1.8.0_74, vendor: Oracle Corporation
Java home: /usr/lib/jvm/java-8-oracle/jre
Default locale: fr_FR, platform encoding: UTF-8
OS name: "linux", version: "3.19.0-51-generic", arch: "amd64", family: "unix"
[DEBUG] Created new class realm maven.api
[DEBUG] Importing foreign packages into class realm maven.api
[DEBUG]   Imported: javax.enterprise.inject.* < plexus.core
[DEBUG]   Imported: javax.enterprise.util.* < plexus.core
[DEBUG]   Imported: javax.inject.* < plexus.core
[DEBUG]   Imported: org.apache.maven.* < plexus.core
[DEBUG]   Imported: org.apache.maven.artifact < plexus.core
[DEBUG]   Imported: org.apache.maven.classrealm < plexus.core
[DEBUG]   Imported: org.apache.maven.cli < plexus.core
[DEBUG]   Imported: org.apache.maven.configuration < plexus.core
[DEBUG]   Imported: org.apache.maven.exception < plexus.core
[DEBUG]   Imported: org.apache.maven.execution < plexus.core
[DEBUG]   Imported: org.apache.maven.execution.scope < plexus.core
[DEBUG]   Imported: org.apache.maven.lifecycle < plexus.core
[DEBUG]   Imported: org.apache.maven.model < plexus.core
[DEBUG]   Imported: org.apache.maven.monitor < plexus.core
[DEBUG]   Imported: org.apache.maven.plugin < plexus.core
[DEBUG]   Imported: org.apache.maven.profiles < plexus.core
[DEBUG]   Imported: org.apache.maven.project < plexus.core
[DEBUG]   Imported: org.apache.maven.reporting < plexus.core
[DEBUG]   Imported: org.apache.maven.repository < plexus.core
[DEBUG]   Imported: org.apache.maven.rtinfo < plexus.core
[DEBUG]   Imported: org.apache.maven.settings < plexus.core
[DEBUG]   Imported: org.apache.maven.toolchain < plexus.core
[DEBUG]   Imported: org.apache.maven.usability < plexus.core
[DEBUG]   Imported: org.apache.maven.wagon.* < plexus.core
[DEBUG]   Imported: org.apache.maven.wagon.authentication < plexus.core
[DEBUG]   Imported: org.apache.maven.wagon.authorization < plexus.core
[DEBUG]   Imported: org.apache.maven.wagon.events < plexus.core
[DEBUG]   Imported: org.apache.maven.wagon.observers < plexus.core
[DEBUG]   Imported: org.apache.maven.wagon.proxy < plexus.core
[DEBUG]   Imported: org.apache.maven.wagon.repository < plexus.core
[DEBUG]   Imported: org.apache.maven.wagon.resource < plexus.core
[DEBUG]   Imported: org.codehaus.classworlds < plexus.core
[DEBUG]   Imported: org.codehaus.plexus.* < plexus.core
[DEBUG]   Imported: org.codehaus.plexus.classworlds < plexus.core
[DEBUG]   Imported: org.codehaus.plexus.component < plexus.core
[DEBUG]   Imported: org.codehaus.plexus.configuration < plexus.core
[DEBUG]   Imported: org.codehaus.plexus.container < plexus.core
[DEBUG]   Imported: org.codehaus.plexus.context < plexus.core
[DEBUG]   Imported: org.codehaus.plexus.lifecycle < plexus.core
[DEBUG]   Imported: org.codehaus.plexus.logging < plexus.core
[DEBUG]   Imported: org.codehaus.plexus.personality < plexus.core
[DEBUG]   Imported: org.codehaus.plexus.util.xml.Xpp3Dom < plexus.core
[DEBUG]   Imported: org.codehaus.plexus.util.xml.pull.XmlPullParser < plexus.core
[DEBUG]   Imported: org.codehaus.plexus.util.xml.pull.XmlPullParserException < plexus.core
[DEBUG]   Imported: org.codehaus.plexus.util.xml.pull.XmlSerializer < plexus.core
[DEBUG]   Imported: org.eclipse.aether.* < plexus.core
[DEBUG]   Imported: org.eclipse.aether.artifact < plexus.core
[DEBUG]   Imported: org.eclipse.aether.collection < plexus.core
[DEBUG]   Imported: org.eclipse.aether.deployment < plexus.core
[DEBUG]   Imported: org.eclipse.aether.graph < plexus.core
[DEBUG]   Imported: org.eclipse.aether.impl < plexus.core
[DEBUG]   Imported: org.eclipse.aether.installation < plexus.core
[DEBUG]   Imported: org.eclipse.aether.internal.impl < plexus.core
[DEBUG]   Imported: org.eclipse.aether.metadata < plexus.core
[DEBUG]   Imported: org.eclipse.aether.repository < plexus.core
[DEBUG]   Imported: org.eclipse.aether.resolution < plexus.core
[DEBUG]   Imported: org.eclipse.aether.spi < plexus.core
[DEBUG]   Imported: org.eclipse.aether.transfer < plexus.core
[DEBUG]   Imported: org.eclipse.aether.version < plexus.core
[DEBUG]   Imported: org.slf4j.* < plexus.core
[DEBUG]   Imported: org.slf4j.helpers.* < plexus.core
[DEBUG]   Imported: org.slf4j.spi.* < plexus.core
[DEBUG] Populating class realm maven.api
[INFO] Error stacktraces are turned on.
[DEBUG] Reading global settings from /home/frederic/tools/maven/3.3.9/conf/settings.xml
[DEBUG] Reading user settings from /home/frederic/.m2/settings.xml
[DEBUG] Reading global toolchains from /home/frederic/tools/maven/3.3.9/conf/toolchains.xml
[DEBUG] Reading user toolchains from /home/frederic/.m2/toolchains.xml
[DEBUG] Using local repository at /home/frederic/.m2/repository
[DEBUG] Using manager EnhancedLocalRepositoryManager with priority 10.0 for /home/frederic/.m2/repository
[INFO] Scanning for projects...
[DEBUG] Extension realms for project com.gehc.apps.demo:parent:pom:0.0.2-SNAPSHOT: (none)
[DEBUG] Looking up lifecyle mappings for packaging pom from ClassRealm[plexus.core, parent: null]
[DEBUG] Extension realms for project org.springframework.boot:spring-boot-starter-parent:pom:1.3.3.RELEASE: (none)
[DEBUG] Looking up lifecyle mappings for packaging pom from ClassRealm[plexus.core, parent: null]
[DEBUG] Extension realms for project org.springframework.boot:spring-boot-dependencies:pom:1.3.3.RELEASE: (none)
[DEBUG] Looking up lifecyle mappings for packaging pom from ClassRealm[plexus.core, parent: null]
[DEBUG] Extension realms for project com.gehc.apps.demo:blog:jar:0.0.2-SNAPSHOT: (none)
[DEBUG] Looking up lifecyle mappings for packaging jar from ClassRealm[plexus.core, parent: null]
[DEBUG] Extension realms for project com.gehc.apps.demo:dablog:jar:0.0.2-SNAPSHOT: (none)
[DEBUG] Looking up lifecyle mappings for packaging jar from ClassRealm[plexus.core, parent: null]
[INFO] ------------------------------------------------------------------------
[INFO] Reactor Build Order:
[INFO] 
[INFO] AngularSpringBootMavenProjectDemo
[INFO] Blog
[INFO] DaBlog
[DEBUG] Resolving plugin prefix release from [org.apache.maven.plugins, org.codehaus.mojo]
[DEBUG] Resolved plugin prefix release to org.apache.maven.plugins:maven-release-plugin from POM com.gehc.apps.demo:parent:pom:0.0.2-SNAPSHOT
[DEBUG] === REACTOR BUILD PLAN ================================================
[DEBUG] Project: com.gehc.apps.demo:parent:pom:0.0.2-SNAPSHOT
[DEBUG] Tasks:   [release:perform]
[DEBUG] Style:   Aggregating
[DEBUG] =======================================================================
[INFO]                                                                         
[INFO] ------------------------------------------------------------------------
[INFO] Building AngularSpringBootMavenProjectDemo 0.0.2-SNAPSHOT
[INFO] ------------------------------------------------------------------------
[DEBUG] Resolving plugin prefix release from [org.apache.maven.plugins, org.codehaus.mojo]
[DEBUG] Resolved plugin prefix release to org.apache.maven.plugins:maven-release-plugin from POM com.gehc.apps.demo:parent:pom:0.0.2-SNAPSHOT
[DEBUG] Lifecycle default -> [validate, initialize, generate-sources, process-sources, generate-resources, process-resources, compile, process-classes, generate-test-sources, process-test-sources, generate-test-resources, process-test-resources, test-compile, process-test-classes, test, prepare-package, package, pre-integration-test, integration-test, post-integration-test, verify, install, deploy]
[DEBUG] Lifecycle clean -> [pre-clean, clean, post-clean]
[DEBUG] Lifecycle site -> [pre-site, site, post-site, site-deploy]
[DEBUG] === PROJECT BUILD PLAN ================================================
[DEBUG] Project:       com.gehc.apps.demo:parent:0.0.2-SNAPSHOT
[DEBUG] Dependencies (collect): []
[DEBUG] Dependencies (resolve): []
[DEBUG] Repositories (dependencies): [bintray-mcgivrer-maven (http://dl.bintray.com/mcgivrer/maven, default, releases), central (https://repo.maven.apache.org/maven2, default, releases)]
[DEBUG] Repositories (plugins)     : [bintray-mcgivrer-maven (http://dl.bintray.com/mcgivrer/maven, default, releases), central (https://repo.maven.apache.org/maven2, default, releases)]
[DEBUG] -----------------------------------------------------------------------
[DEBUG] Goal:          org.apache.maven.plugins:maven-release-plugin:2.3.2:perform (default-cli)
[DEBUG] Style:         Aggregating
[DEBUG] Configuration: <?xml version="1.0" encoding="UTF-8"?>
<configuration>
  <arguments>${arguments}</arguments>
  <basedir default-value="${basedir}"/>
  <connectionUrl>${connectionUrl}</connectionUrl>
  <dryRun default-value="false">${dryRun}</dryRun>
  <goals>${goals}</goals>
  <javaHome default-value="${java.home}"/>
  <localCheckout default-value="false">${localCheckout}</localCheckout>
  <localRepoDirectory default-value="${maven.repo.local}"/>
  <mavenExecutorId default-value="invoker">${mavenExecutorId}</mavenExecutorId>
  <mavenHome default-value="${maven.home}"/>
  <password>${password}</password>
  <pomFileName>${pomFileName}</pomFileName>
  <project default-value="${project}"/>
  <pushChanges default-value="true">${pushChanges}</pushChanges>
  <reactorProjects default-value="${reactorProjects}"/>
  <releaseProfiles>${releaseProfiles}</releaseProfiles>
  <scmCommentPrefix default-value="[maven-release-plugin] ">${scmCommentPrefix}</scmCommentPrefix>
  <session default-value="${session}"/>
  <settings default-value="${settings}"/>
  <tag>${tag}</tag>
  <tagBase>${tagBase}</tagBase>
  <tagNameFormat default-value="@{project.artifactId}-@{project.version}">${tagNameFormat}</tagNameFormat>
  <useReleaseProfile default-value="true">${useReleaseProfile}</useReleaseProfile>
  <username>${username}</username>
  <workingDirectory default-value="${project.build.directory}/checkout">${workingDirectory}</workingDirectory>
</configuration>
[DEBUG] =======================================================================
[INFO] 
[INFO] --- maven-release-plugin:2.3.2:perform (default-cli) @ parent ---
[DEBUG] Dependency collection stats: {ConflictMarker.analyzeTime=3, ConflictMarker.markTime=1, ConflictMarker.nodeCount=183, ConflictIdSorter.graphTime=1, ConflictIdSorter.topsortTime=0, ConflictIdSorter.conflictIdCount=65, ConflictIdSorter.conflictIdCycleCount=0, ConflictResolver.totalTime=12, ConflictResolver.conflictItemCount=173, DefaultDependencyCollector.collectTime=345, DefaultDependencyCollector.transformTime=20}
[DEBUG] org.apache.maven.plugins:maven-release-plugin:jar:2.3.2:
[DEBUG]    org.apache.maven:maven-plugin-api:jar:2.2.1:compile
[DEBUG]    org.apache.maven.release:maven-release-manager:jar:2.3.2:compile
[DEBUG]       org.codehaus.plexus:plexus-container-default:jar:1.0-alpha-9:compile
[DEBUG]          junit:junit:jar:3.8.1:compile
[DEBUG]       org.codehaus.plexus:plexus-interactivity-api:jar:1.0-alpha-6:compile
[DEBUG]       org.codehaus.plexus:plexus-interpolation:jar:1.14:compile
[DEBUG]       org.sonatype.plexus:plexus-sec-dispatcher:jar:1.3:compile
[DEBUG]          org.sonatype.plexus:plexus-cipher:jar:1.4:compile
[DEBUG]       org.apache.maven:maven-artifact:jar:2.2.1:compile
[DEBUG]       org.apache.maven:maven-artifact-manager:jar:2.2.1:compile
[DEBUG]          backport-util-concurrent:backport-util-concurrent:jar:3.1:compile
[DEBUG]       org.apache.maven.shared:maven-invoker:jar:2.0.9:compile
[DEBUG]       commons-lang:commons-lang:jar:2.4:compile
[DEBUG]       commons-cli:commons-cli:jar:1.0:compile
[DEBUG]          commons-logging:commons-logging:jar:1.0:compile
[DEBUG]       org.apache.maven.scm:maven-scm-providers-standard:pom:1.7:runtime
[DEBUG]          org.apache.maven.scm:maven-scm-provider-accurev:jar:1.7:runtime
[DEBUG]          org.apache.maven.scm:maven-scm-provider-bazaar:jar:1.7:runtime
[DEBUG]             regexp:regexp:jar:1.3:runtime
[DEBUG]          org.apache.maven.scm:maven-scm-provider-clearcase:jar:1.7:runtime
[DEBUG]          org.apache.maven.scm:maven-scm-provider-cvsexe:jar:1.7:runtime
[DEBUG]             org.apache.maven.scm:maven-scm-provider-cvs-commons:jar:1.7:runtime
[DEBUG]          org.apache.maven.scm:maven-scm-provider-cvsjava:jar:1.7:runtime
[DEBUG]             org.netbeans.lib:cvsclient:jar:20060125:runtime
[DEBUG]             ch.ethz.ganymed:ganymed-ssh2:jar:build210:runtime
[DEBUG]          org.apache.maven.scm:maven-scm-provider-gitexe:jar:1.7:runtime
[DEBUG]             org.apache.maven.scm:maven-scm-provider-git-commons:jar:1.7:runtime
[DEBUG]          org.apache.maven.scm:maven-scm-provider-hg:jar:1.7:runtime
[DEBUG]          org.apache.maven.scm:maven-scm-provider-perforce:jar:1.7:runtime
[DEBUG]          org.apache.maven.scm:maven-scm-provider-starteam:jar:1.7:runtime
[DEBUG]          org.apache.maven.scm:maven-scm-provider-svnexe:jar:1.7:runtime
[DEBUG]          org.apache.maven.scm:maven-scm-provider-synergy:jar:1.7:runtime
[DEBUG]          org.apache.maven.scm:maven-scm-provider-vss:jar:1.7:runtime
[DEBUG]          org.apache.maven.scm:maven-scm-provider-tfs:jar:1.7:runtime
[DEBUG]          org.apache.maven.scm:maven-scm-provider-integrity:jar:1.7:runtime
[DEBUG]             com.mks.api:mksapi-jar:jar:4.10.9049:runtime
[DEBUG]             org.codehaus.groovy:groovy-all:jar:1.7.6:runtime
[DEBUG]          org.apache.maven.scm:maven-scm-provider-jazz:jar:1.7:runtime
[DEBUG]       org.apache.maven.scm:maven-scm-manager-plexus:jar:1.7:runtime
[DEBUG]       org.apache.maven.scm:maven-scm-provider-svn-commons:jar:1.7:compile
[DEBUG]       jaxen:jaxen:jar:1.1-beta-8:runtime
[DEBUG]          jdom:jdom:jar:1.0:runtime
[DEBUG]    org.apache.maven:maven-model:jar:2.2.1:compile
[DEBUG]    org.apache.maven:maven-core:jar:2.2.1:compile
[DEBUG]       org.apache.maven:maven-plugin-parameter-documenter:jar:2.2.1:compile
[DEBUG]       org.slf4j:slf4j-jdk14:jar:1.5.6:runtime
[DEBUG]          org.slf4j:slf4j-api:jar:1.5.6:runtime
[DEBUG]       org.slf4j:jcl-over-slf4j:jar:1.5.6:runtime
[DEBUG]       org.apache.maven.reporting:maven-reporting-api:jar:2.2.1:compile
[DEBUG]          org.apache.maven.doxia:doxia-sink-api:jar:1.1:compile
[DEBUG]          org.apache.maven.doxia:doxia-logging-api:jar:1.1:compile
[DEBUG]       org.apache.maven:maven-profile:jar:2.2.1:compile
[DEBUG]       org.apache.maven:maven-repository-metadata:jar:2.2.1:compile
[DEBUG]       org.apache.maven:maven-error-diagnostics:jar:2.2.1:compile
[DEBUG]       org.apache.maven:maven-plugin-descriptor:jar:2.2.1:compile
[DEBUG]       org.apache.maven:maven-monitor:jar:2.2.1:compile
[DEBUG]       classworlds:classworlds:jar:1.1:compile
[DEBUG]    org.apache.maven:maven-project:jar:2.2.1:compile
[DEBUG]       org.apache.maven:maven-plugin-registry:jar:2.2.1:compile
[DEBUG]    org.apache.maven:maven-settings:jar:2.2.1:compile
[DEBUG]    org.apache.maven.scm:maven-scm-api:jar:1.7:compile
[DEBUG]    org.codehaus.plexus:plexus-utils:jar:3.0:compile
[DEBUG]    org.jdom:jdom:jar:1.1:compile
[DEBUG] Created new class realm plugin>org.apache.maven.plugins:maven-release-plugin:2.3.2
[DEBUG] Importing foreign packages into class realm plugin>org.apache.maven.plugins:maven-release-plugin:2.3.2
[DEBUG]   Imported:  < maven.api
[DEBUG] Populating class realm plugin>org.apache.maven.plugins:maven-release-plugin:2.3.2
[DEBUG]   Included: org.apache.maven.plugins:maven-release-plugin:jar:2.3.2
[DEBUG]   Included: org.apache.maven.release:maven-release-manager:jar:2.3.2
[DEBUG]   Included: junit:junit:jar:3.8.1
[DEBUG]   Included: org.codehaus.plexus:plexus-interactivity-api:jar:1.0-alpha-6
[DEBUG]   Included: org.codehaus.plexus:plexus-interpolation:jar:1.14
[DEBUG]   Included: org.sonatype.plexus:plexus-sec-dispatcher:jar:1.3
[DEBUG]   Included: org.sonatype.plexus:plexus-cipher:jar:1.4
[DEBUG]   Included: backport-util-concurrent:backport-util-concurrent:jar:3.1
[DEBUG]   Included: org.apache.maven.shared:maven-invoker:jar:2.0.9
[DEBUG]   Included: commons-lang:commons-lang:jar:2.4
[DEBUG]   Included: commons-cli:commons-cli:jar:1.0
[DEBUG]   Included: commons-logging:commons-logging:jar:1.0
[DEBUG]   Included: org.apache.maven.scm:maven-scm-providers-standard:pom:1.7
[DEBUG]   Included: org.apache.maven.scm:maven-scm-provider-accurev:jar:1.7
[DEBUG]   Included: org.apache.maven.scm:maven-scm-provider-bazaar:jar:1.7
[DEBUG]   Included: regexp:regexp:jar:1.3
[DEBUG]   Included: org.apache.maven.scm:maven-scm-provider-clearcase:jar:1.7
[DEBUG]   Included: org.apache.maven.scm:maven-scm-provider-cvsexe:jar:1.7
[DEBUG]   Included: org.apache.maven.scm:maven-scm-provider-cvs-commons:jar:1.7
[DEBUG]   Included: org.apache.maven.scm:maven-scm-provider-cvsjava:jar:1.7
[DEBUG]   Included: org.netbeans.lib:cvsclient:jar:20060125
[DEBUG]   Included: ch.ethz.ganymed:ganymed-ssh2:jar:build210
[DEBUG]   Included: org.apache.maven.scm:maven-scm-provider-gitexe:jar:1.7
[DEBUG]   Included: org.apache.maven.scm:maven-scm-provider-git-commons:jar:1.7
[DEBUG]   Included: org.apache.maven.scm:maven-scm-provider-hg:jar:1.7
[DEBUG]   Included: org.apache.maven.scm:maven-scm-provider-perforce:jar:1.7
[DEBUG]   Included: org.apache.maven.scm:maven-scm-provider-starteam:jar:1.7
[DEBUG]   Included: org.apache.maven.scm:maven-scm-provider-svnexe:jar:1.7
[DEBUG]   Included: org.apache.maven.scm:maven-scm-provider-synergy:jar:1.7
[DEBUG]   Included: org.apache.maven.scm:maven-scm-provider-vss:jar:1.7
[DEBUG]   Included: org.apache.maven.scm:maven-scm-provider-tfs:jar:1.7
[DEBUG]   Included: org.apache.maven.scm:maven-scm-provider-integrity:jar:1.7
[DEBUG]   Included: com.mks.api:mksapi-jar:jar:4.10.9049
[DEBUG]   Included: org.codehaus.groovy:groovy-all:jar:1.7.6
[DEBUG]   Included: org.apache.maven.scm:maven-scm-provider-jazz:jar:1.7
[DEBUG]   Included: org.apache.maven.scm:maven-scm-manager-plexus:jar:1.7
[DEBUG]   Included: org.apache.maven.scm:maven-scm-provider-svn-commons:jar:1.7
[DEBUG]   Included: jaxen:jaxen:jar:1.1-beta-8
[DEBUG]   Included: jdom:jdom:jar:1.0
[DEBUG]   Included: org.slf4j:slf4j-jdk14:jar:1.5.6
[DEBUG]   Included: org.slf4j:jcl-over-slf4j:jar:1.5.6
[DEBUG]   Included: org.apache.maven.reporting:maven-reporting-api:jar:2.2.1
[DEBUG]   Included: org.apache.maven.doxia:doxia-sink-api:jar:1.1
[DEBUG]   Included: org.apache.maven.doxia:doxia-logging-api:jar:1.1
[DEBUG]   Included: org.apache.maven.scm:maven-scm-api:jar:1.7
[DEBUG]   Included: org.codehaus.plexus:plexus-utils:jar:3.0
[DEBUG]   Included: org.jdom:jdom:jar:1.1
[DEBUG] Configuring mojo org.apache.maven.plugins:maven-release-plugin:2.3.2:perform from plugin realm ClassRealm[plugin>org.apache.maven.plugins:maven-release-plugin:2.3.2, parent: sun.misc.Launcher$AppClassLoader@5c647e05]
[DEBUG] Configuring mojo 'org.apache.maven.plugins:maven-release-plugin:2.3.2:perform' with basic configurator -->
[DEBUG]   (s) basedir = /home/frederic/Projets/html5/demo
[DEBUG]   (f) dryRun = false
[DEBUG]   (f) javaHome = /usr/lib/jvm/java-8-oracle/jre
[DEBUG]   (f) localCheckout = false
[DEBUG]   (f) mavenExecutorId = invoker
[DEBUG]   (f) mavenHome = /home/frederic/tools/maven/3.3.9
[DEBUG]   (f) project = MavenProject: com.gehc.apps.demo:parent:0.0.2-SNAPSHOT @ /home/frederic/Projets/html5/demo/pom.xml
[DEBUG]   (f) pushChanges = true
[DEBUG]   (f) reactorProjects = [MavenProject: com.gehc.apps.demo:parent:0.0.2-SNAPSHOT @ /home/frederic/Projets/html5/demo/pom.xml, MavenProject: com.gehc.apps.demo:blog:0.0.2-SNAPSHOT @ /home/frederic/Projets/html5/demo/blog/pom.xml, MavenProject: com.gehc.apps.demo:dablog:0.0.2-SNAPSHOT @ /home/frederic/Projets/html5/demo/dablog/pom.xml]
[DEBUG]   (f) scmCommentPrefix = [maven-release-plugin] 
[DEBUG]   (f) session = org.apache.maven.execution.MavenSession@194152cf
[DEBUG]   (f) settings = org.apache.maven.execution.SettingsAdapter@2c30b71f
[DEBUG]   (f) tagNameFormat = @{project.artifactId}-@{project.version}
[DEBUG]   (f) useReleaseProfile = true
[DEBUG]   (f) workingDirectory = /home/frederic/Projets/html5/demo/target/checkout
[DEBUG] -- end configuration --
[INFO] Checking out the project to perform the release ...
[INFO] Executing: /bin/sh -c cd /home/frederic/Projets/html5/demo/target && git clone --branch parent-0.0.1 git@github.com:Web-Context/demo.git /home/frederic/Projets/html5/demo/target/checkout
[INFO] Working directory: /home/frederic/Projets/html5/demo/target
[INFO] Executing: /bin/sh -c cd /tmp && git ls-remote git@github.com:Web-Context/demo.git
[INFO] Working directory: /tmp
[DEBUG] 116723cbfcb12ff9eaa72df0046ce72eb0739723	HEAD
[DEBUG] 53480935c1a4c7140fe4ad9fd228202738595608	refs/heads/Add-frontend-build
[DEBUG] 116723cbfcb12ff9eaa72df0046ce72eb0739723	refs/heads/add-frontend-services
[DEBUG] 116723cbfcb12ff9eaa72df0046ce72eb0739723	refs/heads/master
[DEBUG] 7793bf6417c236d5f9080c51bb318e903163f1f3	refs/pull/1/head
[DEBUG] 47a7798c057cf99ad4a393eaf8b6484c97feb31e	refs/tags/parent-0.0.1
[DEBUG] 116723cbfcb12ff9eaa72df0046ce72eb0739723	refs/tags/parent-0.0.1^{}
[INFO] Executing: /bin/sh -c cd /home/frederic/Projets/html5/demo/target/checkout && git fetch git@github.com:Web-Context/demo.git
[INFO] Working directory: /home/frederic/Projets/html5/demo/target/checkout
[INFO] Executing: /bin/sh -c cd /home/frederic/Projets/html5/demo/target/checkout && git checkout parent-0.0.1
[INFO] Working directory: /home/frederic/Projets/html5/demo/target/checkout
[INFO] Executing: /bin/sh -c cd /home/frederic/Projets/html5/demo/target/checkout && git ls-files
[INFO] Working directory: /home/frederic/Projets/html5/demo/target/checkout
[DEBUG] .gitignore
[DEBUG] .travis.yml
[DEBUG] README.md
[DEBUG] blog/.gitignore
[DEBUG] blog/css/main.css
[DEBUG] blog/css/main.scss
[DEBUG] blog/favico.ico
[DEBUG] blog/index.html
[DEBUG] blog/js/app/app.js
[DEBUG] blog/js/app/directives.js
[DEBUG] blog/js/app/postCtrl.js
[DEBUG] blog/js/app/services.js
[DEBUG] blog/pom.xml
[DEBUG] blog/rest/platforms.json
[DEBUG] blog/rest/posts.json
[DEBUG] blog/robots.txt
[DEBUG] blog/views/post-list.html
[DEBUG] blog/views/post-view.html
[DEBUG] config/compass.rb
[DEBUG] dablog/.gitignore
[DEBUG] dablog/pom.xml
[DEBUG] dablog/src/main/java/com/gehc/apps/demo/dablog/DaBlogApp.java
[DEBUG] dablog/src/main/java/com/gehc/apps/demo/dablog/bootstrap/DataBootstrap.java
[DEBUG] dablog/src/main/java/com/gehc/apps/demo/dablog/bootstrap/DataSetReader.java
[DEBUG] dablog/src/main/java/com/gehc/apps/demo/dablog/model/post/Post.java
[DEBUG] dablog/src/main/java/com/gehc/apps/demo/dablog/model/post/PostRepository.java
[DEBUG] dablog/src/main/java/com/gehc/apps/demo/dablog/model/post/PublicationState.java
[DEBUG] dablog/src/main/resources/application-dev.yml
[DEBUG] dablog/src/main/resources/application-prod.yml
[DEBUG] dablog/src/main/resources/application.yml
[DEBUG] dablog/src/main/resources/dataset/platform.json
[DEBUG] dablog/src/main/resources/dataset/post.json
[DEBUG] dablog/src/main/resources/dataset/templat.json
[DEBUG] dablog/src/test/java/com/gehc/apps/demo/dablog/test/DaBlogAppTest.java
[DEBUG] dablog/yo/.bowerrc
[DEBUG] dablog/yo/.editorconfig
[DEBUG] dablog/yo/.gitattributes
[DEBUG] dablog/yo/.gitignore
[DEBUG] dablog/yo/.jscsrc
[DEBUG] dablog/yo/.jshintrc
[DEBUG] dablog/yo/.travis.yml
[DEBUG] dablog/yo/.yo-rc.json
[DEBUG] dablog/yo/Gruntfile.js
[DEBUG] dablog/yo/README.md
[DEBUG] dablog/yo/app/404.html
[DEBUG] dablog/yo/app/favico.ico
[DEBUG] dablog/yo/app/images/yeoman.png
[DEBUG] dablog/yo/app/index.html
[DEBUG] dablog/yo/app/rest/platforms.json
[DEBUG] dablog/yo/app/rest/posts.json
[DEBUG] dablog/yo/app/robots.txt
[DEBUG] dablog/yo/app/scripts/app.js
[DEBUG] dablog/yo/app/scripts/controllers/home.js
[DEBUG] dablog/yo/app/scripts/controllers/postfilter.js
[DEBUG] dablog/yo/app/scripts/controllers/postsearch.js
[DEBUG] dablog/yo/app/scripts/controllers/postview.js
[DEBUG] dablog/yo/app/scripts/services/platformservice.js
[DEBUG] dablog/yo/app/scripts/services/postfilterbytypeservice.js
[DEBUG] dablog/yo/app/scripts/services/postfilterbyuiidservice.js
[DEBUG] dablog/yo/app/scripts/services/postsearchservice.js
[DEBUG] dablog/yo/app/scripts/services/postservice.js
[DEBUG] dablog/yo/app/styles/main.scss
[DEBUG] dablog/yo/app/views/post-list.html
[DEBUG] dablog/yo/app/views/post-view.html
[DEBUG] dablog/yo/bower.json
[DEBUG] dablog/yo/npm-debug.log
[DEBUG] dablog/yo/package.json
[DEBUG] dablog/yo/test/.jshintrc
[DEBUG] dablog/yo/test/karma.conf.js
[DEBUG] dablog/yo/test/spec/controllers/home.js
[DEBUG] dablog/yo/test/spec/controllers/postfilter.js
[DEBUG] dablog/yo/test/spec/controllers/postlist.js
[DEBUG] dablog/yo/test/spec/controllers/postview.js
[DEBUG] dablog/yo/test/spec/services/postservice.js
[DEBUG] docs/images/posts_games_preview.png
[DEBUG] pom.xml
[INFO] Invoking perform goals in directory /home/frederic/Projets/html5/demo/target/checkout
[INFO] Executing goals 'deploy'...
[DEBUG] Using ${maven.home} of: '/home/frederic/tools/maven/3.3.9'.
[DEBUG] Executing: /bin/sh -c cd /home/frederic/Projets/html5/demo/target/checkout && /home/frederic/tools/maven/3.3.9/bin/mvn -X -D maven.repo.local=/home/frederic/.m2/repository -s /tmp/release-settings4019686693284324695.xml -D performRelease=true -P bintray deploy
[WARNING] Maven will be executed in interactive mode, but no input stream has been configured for this MavenInvoker instance.
[INFO] Apache Maven 3.3.9 (bb52d8502b132ec0a5a3f4c09453c07478323dc5; 2015-11-10T17:41:47+01:00)
[INFO] Maven home: /home/frederic/tools/maven/3.3.9
[INFO] Java version: 1.8.0_74, vendor: Oracle Corporation
[INFO] Java home: /usr/lib/jvm/java-8-oracle/jre
[INFO] Default locale: fr_FR, platform encoding: UTF-8
[INFO] OS name: "linux", version: "3.19.0-51-generic", arch: "amd64", family: "unix"
[INFO] [DEBUG] Created new class realm maven.api
[INFO] [DEBUG] Importing foreign packages into class realm maven.api
[INFO] [DEBUG]   Imported: javax.enterprise.inject.* < plexus.core
[INFO] [DEBUG]   Imported: javax.enterprise.util.* < plexus.core
[INFO] [DEBUG]   Imported: javax.inject.* < plexus.core
[INFO] [DEBUG]   Imported: org.apache.maven.* < plexus.core
[INFO] [DEBUG]   Imported: org.apache.maven.artifact < plexus.core
[INFO] [DEBUG]   Imported: org.apache.maven.classrealm < plexus.core
[INFO] [DEBUG]   Imported: org.apache.maven.cli < plexus.core
[INFO] [DEBUG]   Imported: org.apache.maven.configuration < plexus.core
[INFO] [DEBUG]   Imported: org.apache.maven.exception < plexus.core
[INFO] [DEBUG]   Imported: org.apache.maven.execution < plexus.core
[INFO] [DEBUG]   Imported: org.apache.maven.execution.scope < plexus.core
[INFO] [DEBUG]   Imported: org.apache.maven.lifecycle < plexus.core
[INFO] [DEBUG]   Imported: org.apache.maven.model < plexus.core
[INFO] [DEBUG]   Imported: org.apache.maven.monitor < plexus.core
[INFO] [DEBUG]   Imported: org.apache.maven.plugin < plexus.core
[INFO] [DEBUG]   Imported: org.apache.maven.profiles < plexus.core
[INFO] [DEBUG]   Imported: org.apache.maven.project < plexus.core
[INFO] [DEBUG]   Imported: org.apache.maven.reporting < plexus.core
[INFO] [DEBUG]   Imported: org.apache.maven.repository < plexus.core
[INFO] [DEBUG]   Imported: org.apache.maven.rtinfo < plexus.core
[INFO] [DEBUG]   Imported: org.apache.maven.settings < plexus.core
[INFO] [DEBUG]   Imported: org.apache.maven.toolchain < plexus.core
[INFO] [DEBUG]   Imported: org.apache.maven.usability < plexus.core
[INFO] [DEBUG]   Imported: org.apache.maven.wagon.* < plexus.core
[INFO] [DEBUG]   Imported: org.apache.maven.wagon.authentication < plexus.core
[INFO] [DEBUG]   Imported: org.apache.maven.wagon.authorization < plexus.core
[INFO] [DEBUG]   Imported: org.apache.maven.wagon.events < plexus.core
[INFO] [DEBUG]   Imported: org.apache.maven.wagon.observers < plexus.core
[INFO] [DEBUG]   Imported: org.apache.maven.wagon.proxy < plexus.core
[INFO] [DEBUG]   Imported: org.apache.maven.wagon.repository < plexus.core
[INFO] [DEBUG]   Imported: org.apache.maven.wagon.resource < plexus.core
[INFO] [DEBUG]   Imported: org.codehaus.classworlds < plexus.core
[INFO] [DEBUG]   Imported: org.codehaus.plexus.* < plexus.core
[INFO] [DEBUG]   Imported: org.codehaus.plexus.classworlds < plexus.core
[INFO] [DEBUG]   Imported: org.codehaus.plexus.component < plexus.core
[INFO] [DEBUG]   Imported: org.codehaus.plexus.configuration < plexus.core
[INFO] [DEBUG]   Imported: org.codehaus.plexus.container < plexus.core
[INFO] [DEBUG]   Imported: org.codehaus.plexus.context < plexus.core
[INFO] [DEBUG]   Imported: org.codehaus.plexus.lifecycle < plexus.core
[INFO] [DEBUG]   Imported: org.codehaus.plexus.logging < plexus.core
[INFO] [DEBUG]   Imported: org.codehaus.plexus.personality < plexus.core
[INFO] [DEBUG]   Imported: org.codehaus.plexus.util.xml.Xpp3Dom < plexus.core
[INFO] [DEBUG]   Imported: org.codehaus.plexus.util.xml.pull.XmlPullParser < plexus.core
[INFO] [DEBUG]   Imported: org.codehaus.plexus.util.xml.pull.XmlPullParserException < plexus.core
[INFO] [DEBUG]   Imported: org.codehaus.plexus.util.xml.pull.XmlSerializer < plexus.core
[INFO] [DEBUG]   Imported: org.eclipse.aether.* < plexus.core
[INFO] [DEBUG]   Imported: org.eclipse.aether.artifact < plexus.core
[INFO] [DEBUG]   Imported: org.eclipse.aether.collection < plexus.core
[INFO] [DEBUG]   Imported: org.eclipse.aether.deployment < plexus.core
[INFO] [DEBUG]   Imported: org.eclipse.aether.graph < plexus.core
[INFO] [DEBUG]   Imported: org.eclipse.aether.impl < plexus.core
[INFO] [DEBUG]   Imported: org.eclipse.aether.installation < plexus.core
[INFO] [DEBUG]   Imported: org.eclipse.aether.internal.impl < plexus.core
[INFO] [DEBUG]   Imported: org.eclipse.aether.metadata < plexus.core
[INFO] [DEBUG]   Imported: org.eclipse.aether.repository < plexus.core
[INFO] [DEBUG]   Imported: org.eclipse.aether.resolution < plexus.core
[INFO] [DEBUG]   Imported: org.eclipse.aether.spi < plexus.core
[INFO] [DEBUG]   Imported: org.eclipse.aether.transfer < plexus.core
[INFO] [DEBUG]   Imported: org.eclipse.aether.version < plexus.core
[INFO] [DEBUG]   Imported: org.slf4j.* < plexus.core
[INFO] [DEBUG]   Imported: org.slf4j.helpers.* < plexus.core
[INFO] [DEBUG]   Imported: org.slf4j.spi.* < plexus.core
[INFO] [DEBUG] Populating class realm maven.api
[INFO] [INFO] Error stacktraces are turned on.
[INFO] [DEBUG] Reading global settings from /home/frederic/tools/maven/3.3.9/conf/settings.xml
[INFO] [DEBUG] Reading user settings from /tmp/release-settings4019686693284324695.xml
[INFO] [DEBUG] Reading global toolchains from /home/frederic/tools/maven/3.3.9/conf/toolchains.xml
[INFO] [DEBUG] Reading user toolchains from /home/frederic/.m2/toolchains.xml
[INFO] [DEBUG] Using local repository at /home/frederic/.m2/repository
[INFO] [DEBUG] Using manager EnhancedLocalRepositoryManager with priority 10.0 for /home/frederic/.m2/repository
[INFO] [INFO] Scanning for projects...
[INFO] [DEBUG] Extension realms for project com.gehc.apps.demo:parent:pom:0.0.1-SNAPSHOT: (none)
[INFO] [DEBUG] Looking up lifecyle mappings for packaging pom from ClassRealm[plexus.core, parent: null]
[INFO] [DEBUG] Extension realms for project org.springframework.boot:spring-boot-starter-parent:pom:1.3.3.RELEASE: (none)
[INFO] [DEBUG] Looking up lifecyle mappings for packaging pom from ClassRealm[plexus.core, parent: null]
[INFO] [DEBUG] Extension realms for project org.springframework.boot:spring-boot-dependencies:pom:1.3.3.RELEASE: (none)
[INFO] [DEBUG] Looking up lifecyle mappings for packaging pom from ClassRealm[plexus.core, parent: null]
[INFO] [DEBUG] Extension realms for project com.gehc.apps.demo:dablog:jar:0.0.1-SNAPSHOT: (none)
[INFO] [DEBUG] Looking up lifecyle mappings for packaging jar from ClassRealm[plexus.core, parent: null]
[INFO] [INFO] ------------------------------------------------------------------------
[INFO] [INFO] Reactor Build Order:
[INFO] [INFO] 
[INFO] [INFO] AngularSpringMavenProjectDemo
[INFO] [INFO] DaBlog
[INFO] [DEBUG] === REACTOR BUILD PLAN ================================================
[INFO] [DEBUG] Project: com.gehc.apps.demo:parent:pom:0.0.1-SNAPSHOT
[INFO] [DEBUG] Tasks:   [deploy]
[INFO] [DEBUG] Style:   Regular
[INFO] [DEBUG] -----------------------------------------------------------------------
[INFO] [DEBUG] Project: com.gehc.apps.demo:dablog:jar:0.0.1-SNAPSHOT
[INFO] [DEBUG] Tasks:   [deploy]
[INFO] [DEBUG] Style:   Regular
[INFO] [DEBUG] =======================================================================
[INFO] [INFO]                                                                         
[INFO] [INFO] ------------------------------------------------------------------------
[INFO] [INFO] Building AngularSpringMavenProjectDemo 0.0.1-SNAPSHOT
[INFO] [INFO] ------------------------------------------------------------------------
[INFO] [DEBUG] Lifecycle default -> [validate, initialize, generate-sources, process-sources, generate-resources, process-resources, compile, process-classes, generate-test-sources, process-test-sources, generate-test-resources, process-test-resources, test-compile, process-test-classes, test, prepare-package, package, pre-integration-test, integration-test, post-integration-test, verify, install, deploy]
[INFO] [DEBUG] Lifecycle clean -> [pre-clean, clean, post-clean]
[INFO] [DEBUG] Lifecycle site -> [pre-site, site, post-site, site-deploy]
[INFO] [DEBUG] Lifecycle default -> [validate, initialize, generate-sources, process-sources, generate-resources, process-resources, compile, process-classes, generate-test-sources, process-test-sources, generate-test-resources, process-test-resources, test-compile, process-test-classes, test, prepare-package, package, pre-integration-test, integration-test, post-integration-test, verify, install, deploy]
[INFO] [DEBUG] Lifecycle clean -> [pre-clean, clean, post-clean]
[INFO] [DEBUG] Lifecycle site -> [pre-site, site, post-site, site-deploy]
[INFO] [DEBUG] Lifecycle default -> [validate, initialize, generate-sources, process-sources, generate-resources, process-resources, compile, process-classes, generate-test-sources, process-test-sources, generate-test-resources, process-test-resources, test-compile, process-test-classes, test, prepare-package, package, pre-integration-test, integration-test, post-integration-test, verify, install, deploy]
[INFO] [DEBUG] Lifecycle clean -> [pre-clean, clean, post-clean]
[INFO] [DEBUG] Lifecycle site -> [pre-site, site, post-site, site-deploy]
[INFO] [DEBUG] Lifecycle default -> [validate, initialize, generate-sources, process-sources, generate-resources, process-resources, compile, process-classes, generate-test-sources, process-test-sources, generate-test-resources, process-test-resources, test-compile, process-test-classes, test, prepare-package, package, pre-integration-test, integration-test, post-integration-test, verify, install, deploy]
[INFO] [DEBUG] Lifecycle clean -> [pre-clean, clean, post-clean]
[INFO] [DEBUG] Lifecycle site -> [pre-site, site, post-site, site-deploy]
[INFO] [DEBUG] Lifecycle default -> [validate, initialize, generate-sources, process-sources, generate-resources, process-resources, compile, process-classes, generate-test-sources, process-test-sources, generate-test-resources, process-test-resources, test-compile, process-test-classes, test, prepare-package, package, pre-integration-test, integration-test, post-integration-test, verify, install, deploy]
[INFO] [DEBUG] Lifecycle clean -> [pre-clean, clean, post-clean]
[INFO] [DEBUG] Lifecycle site -> [pre-site, site, post-site, site-deploy]
[INFO] [DEBUG] === PROJECT BUILD PLAN ================================================
[INFO] [DEBUG] Project:       com.gehc.apps.demo:parent:0.0.1-SNAPSHOT
[INFO] [DEBUG] Dependencies (collect): []
[INFO] [DEBUG] Dependencies (resolve): [compile]
[INFO] [DEBUG] Repositories (dependencies): [bintray-mcgivrer-maven (http://dl.bintray.com/mcgivrer/maven, default, releases), central (https://repo.maven.apache.org/maven2, default, releases)]
[INFO] [DEBUG] Repositories (plugins)     : [bintray-mcgivrer-maven (http://dl.bintray.com/mcgivrer/maven, default, releases), central (https://repo.maven.apache.org/maven2, default, releases)]
[INFO] [DEBUG] --- init fork of com.gehc.apps.demo:parent:0.0.1-SNAPSHOT for org.apache.maven.plugins:maven-source-plugin:2.4:jar (attach-sources) ---
[INFO] [DEBUG] Dependencies (collect): []
[INFO] [DEBUG] Dependencies (resolve): []
[INFO] [DEBUG] --- exit fork of com.gehc.apps.demo:parent:0.0.1-SNAPSHOT for org.apache.maven.plugins:maven-source-plugin:2.4:jar (attach-sources) ---
[INFO] [DEBUG] -----------------------------------------------------------------------
[INFO] [DEBUG] Goal:          org.apache.maven.plugins:maven-source-plugin:2.4:jar (attach-sources)
[INFO] [DEBUG] Style:         Regular
[INFO] [DEBUG] Configuration: <?xml version="1.0" encoding="UTF-8"?>
[INFO] <configuration>
[INFO]   <attach default-value="true">${attach}</attach>
[INFO]   <classifier default-value="sources">${maven.source.classifier}</classifier>
[INFO]   <defaultManifestFile default-value="${project.build.outputDirectory}/META-INF/MANIFEST.MF"/>
[INFO]   <excludeResources default-value="false">${source.excludeResources}</excludeResources>
[INFO]   <finalName default-value="${project.build.finalName}"/>
[INFO]   <forceCreation default-value="false">${source.forceCreation}</forceCreation>
[INFO]   <includePom default-value="false">${source.includePom}</includePom>
[INFO]   <outputDirectory default-value="${project.build.directory}"/>
[INFO]   <project default-value="${project}"/>
[INFO]   <reactorProjects default-value="${reactorProjects}"/>
[INFO]   <session default-value="${session}"/>
[INFO]   <skipSource default-value="false">${source.skip}</skipSource>
[INFO]   <useDefaultExcludes default-value="true"/>
[INFO]   <useDefaultManifestFile default-value="false"/>
[INFO] </configuration>
[INFO] [DEBUG] -----------------------------------------------------------------------
[INFO] [DEBUG] Goal:          org.apache.maven.plugins:maven-javadoc-plugin:2.10.1:jar (attach-javadocs)
[INFO] [DEBUG] Style:         Regular
[INFO] [DEBUG] Configuration: <?xml version="1.0" encoding="UTF-8"?>
[INFO] <configuration>
[INFO]   <additionalJOption>${additionalJOption}</additionalJOption>
[INFO]   <additionalparam>${additionalparam}</additionalparam>
[INFO]   <aggregate default-value="false">${aggregate}</aggregate>
[INFO]   <applyJavadocSecurityFix default-value="true">${maven.javadoc.applyJavadocSecurityFix}</applyJavadocSecurityFix>
[INFO]   <attach default-value="true">${attach}</attach>
[INFO]   <author default-value="true">${author}</author>
[INFO]   <bootclasspath>${bootclasspath}</bootclasspath>
[INFO]   <bootclasspathArtifacts>${bootclasspathArtifacts}</bootclasspathArtifacts>
[INFO]   <bottom default-value="Copyright &amp;#169; {inceptionYear}&amp;#x2013;{currentYear} {organizationName}. All rights reserved.">${bottom}</bottom>
[INFO]   <breakiterator default-value="false">${breakiterator}</breakiterator>
[INFO]   <charset>${charset}</charset>
[INFO]   <classifier default-value="javadoc">${maven.javadoc.classifier}</classifier>
[INFO]   <debug default-value="false">${debug}</debug>
[INFO]   <defaultManifestFile default-value="${project.build.outputDirectory}/META-INF/MANIFEST.MF"/>
[INFO]   <destDir>${destDir}</destDir>
[INFO]   <detectJavaApiLink default-value="true">${detectJavaApiLink}</detectJavaApiLink>
[INFO]   <detectLinks default-value="false">${detectLinks}</detectLinks>
[INFO]   <detectOfflineLinks default-value="true">${detectOfflineLinks}</detectOfflineLinks>
[INFO]   <docencoding default-value="${project.reporting.outputEncoding}">${docencoding}</docencoding>
[INFO]   <docfilessubdirs default-value="false">${docfilessubdirs}</docfilessubdirs>
[INFO]   <doclet>${doclet}</doclet>
[INFO]   <docletArtifact>${docletArtifact}</docletArtifact>
[INFO]   <docletArtifacts>${docletArtifacts}</docletArtifacts>
[INFO]   <docletPath>${docletPath}</docletPath>
[INFO]   <doctitle default-value="${project.name} ${project.version} API">${doctitle}</doctitle>
[INFO]   <encoding default-value="${project.build.sourceEncoding}">${encoding}</encoding>
[INFO]   <excludePackageNames>${excludePackageNames}</excludePackageNames>
[INFO]   <excludedocfilessubdir>${excludedocfilessubdir}</excludedocfilessubdir>
[INFO]   <extdirs>${extdirs}</extdirs>
[INFO]   <failOnError default-value="true">${maven.javadoc.failOnError}</failOnError>
[INFO]   <finalName>${project.build.finalName}</finalName>
[INFO]   <footer>${footer}</footer>
[INFO]   <groups>${groups}</groups>
[INFO]   <header>${header}</header>
[INFO]   <helpfile>${helpfile}</helpfile>
[INFO]   <includeDependencySources default-value="false"/>
[INFO]   <includeTransitiveDependencySources default-value="false"/>
[INFO]   <isOffline default-value="${settings.offline}"/>
[INFO]   <jarOutputDirectory>${project.build.directory}</jarOutputDirectory>
[INFO]   <javaApiLinks>${javaApiLinks}</javaApiLinks>
[INFO]   <javadocDirectory default-value="${basedir}/src/main/javadoc"/>
[INFO]   <javadocExecutable>${javadocExecutable}</javadocExecutable>
[INFO]   <javadocOptionsDir default-value="${project.build.directory}/javadoc-bundle-options"/>
[INFO]   <javadocVersion>${javadocVersion}</javadocVersion>
[INFO]   <keywords default-value="false">${keywords}</keywords>
[INFO]   <links>${links}</links>
[INFO]   <linksource default-value="false">${linksource}</linksource>
[INFO]   <localRepository>${localRepository}</localRepository>
[INFO]   <locale>${locale}</locale>
[INFO]   <maxmemory>${maxmemory}</maxmemory>
[INFO]   <minmemory>${minmemory}</minmemory>
[INFO]   <nocomment default-value="false">${nocomment}</nocomment>
[INFO]   <nodeprecated default-value="false">${nodeprecated}</nodeprecated>
[INFO]   <nodeprecatedlist default-value="false">${nodeprecatedlist}</nodeprecatedlist>
[INFO]   <nohelp default-value="false">${nohelp}</nohelp>
[INFO]   <noindex default-value="false">${noindex}</noindex>
[INFO]   <nonavbar default-value="false">${nonavbar}</nonavbar>
[INFO]   <nooverview default-value="false">${nooverview}</nooverview>
[INFO]   <noqualifier>${noqualifier}</noqualifier>
[INFO]   <nosince default-value="false">${nosince}</nosince>
[INFO]   <notimestamp default-value="false">${notimestamp}</notimestamp>
[INFO]   <notree default-value="false">${notree}</notree>
[INFO]   <offlineLinks>${offlineLinks}</offlineLinks>
[INFO]   <old default-value="false">${old}</old>
[INFO]   <outputDirectory default-value="${project.build.directory}/apidocs">${destDir}</outputDirectory>
[INFO]   <overview default-value="${basedir}/src/main/javadoc/overview.html">${overview}</overview>
[INFO]   <packagesheader>${packagesheader}</packagesheader>
[INFO]   <project default-value="${project}"/>
[INFO]   <proxyHost>${proxyHost}</proxyHost>
[INFO]   <proxyPort>${proxyPort}</proxyPort>
[INFO]   <quiet default-value="false">${quiet}</quiet>
[INFO]   <reactorProjects>${reactorProjects}</reactorProjects>
[INFO]   <remoteRepositories>${project.remoteArtifactRepositories}</remoteRepositories>
[INFO]   <resourcesArtifacts>${resourcesArtifacts}</resourcesArtifacts>
[INFO]   <serialwarn default-value="false">${serialwarn}</serialwarn>
[INFO]   <session default-value="${session}"/>
[INFO]   <settings default-value="${settings}"/>
[INFO]   <show default-value="protected">${show}</show>
[INFO]   <skip default-value="false">${maven.javadoc.skip}</skip>
[INFO]   <source>${source}</source>
[INFO]   <sourceDependencyCacheDir default-value="${project.build.directory}/distro-javadoc-sources"/>
[INFO]   <sourcepath>${sourcepath}</sourcepath>
[INFO]   <sourcetab>${sourcetab}</sourcetab>
[INFO]   <splitindex default-value="false">${splitindex}</splitindex>
[INFO]   <stylesheet default-value="java">${stylesheet}</stylesheet>
[INFO]   <stylesheetfile>${stylesheetfile}</stylesheetfile>
[INFO]   <subpackages>${subpackages}</subpackages>
[INFO]   <taglet>${taglet}</taglet>
[INFO]   <tagletArtifact>${tagletArtifact}</tagletArtifact>
[INFO]   <tagletArtifacts>${tagletArtifacts}</tagletArtifacts>
[INFO]   <tagletpath>${tagletpath}</tagletpath>
[INFO]   <taglets>${taglets}</taglets>
[INFO]   <tags>${tags}</tags>
[INFO]   <top>${top}</top>
[INFO]   <use default-value="true">${use}</use>
[INFO]   <useDefaultManifestFile default-value="false"/>
[INFO]   <useStandardDocletOptions default-value="true">${useStandardDocletOptions}</useStandardDocletOptions>
[INFO]   <validateLinks default-value="false">${validateLinks}</validateLinks>
[INFO]   <verbose default-value="false">${verbose}</verbose>
[INFO]   <version default-value="true">${version}</version>
[INFO]   <windowtitle default-value="${project.name} ${project.version} API">${windowtitle}</windowtitle>
[INFO] </configuration>
[INFO] [DEBUG] -----------------------------------------------------------------------
[INFO] [DEBUG] Goal:          org.apache.maven.plugins:maven-install-plugin:2.5.2:install (default-install)
[INFO] [DEBUG] Style:         Regular
[INFO] [DEBUG] Configuration: <?xml version="1.0" encoding="UTF-8"?>
[INFO] <configuration>
[INFO]   <artifact default-value="${project.artifact}"/>
[INFO]   <attachedArtifacts default-value="${project.attachedArtifacts}"/>
[INFO]   <createChecksum default-value="false">${createChecksum}</createChecksum>
[INFO]   <installAtEnd default-value="false">${installAtEnd}</installAtEnd>
[INFO]   <localRepository>${localRepository}</localRepository>
[INFO]   <packaging default-value="${project.packaging}"/>
[INFO]   <pomFile default-value="${project.file}"/>
[INFO]   <project default-value="${project}"/>
[INFO]   <reactorProjects default-value="${reactorProjects}"/>
[INFO]   <skip default-value="false">${maven.install.skip}</skip>
[INFO]   <updateReleaseInfo default-value="false">${updateReleaseInfo}</updateReleaseInfo>
[INFO] </configuration>
[INFO] [DEBUG] -----------------------------------------------------------------------
[INFO] [DEBUG] Goal:          org.apache.maven.plugins:maven-deploy-plugin:2.8.2:deploy (default-deploy)
[INFO] [DEBUG] Style:         Regular
[INFO] [DEBUG] Configuration: <?xml version="1.0" encoding="UTF-8"?>
[INFO] <configuration>
[INFO]   <altDeploymentRepository>${altDeploymentRepository}</altDeploymentRepository>
[INFO]   <altReleaseDeploymentRepository>${altReleaseDeploymentRepository}</altReleaseDeploymentRepository>
[INFO]   <altSnapshotDeploymentRepository>${altSnapshotDeploymentRepository}</altSnapshotDeploymentRepository>
[INFO]   <artifact default-value="${project.artifact}"/>
[INFO]   <attachedArtifacts default-value="${project.attachedArtifacts}"/>
[INFO]   <deployAtEnd default-value="false">${deployAtEnd}</deployAtEnd>
[INFO]   <localRepository default-value="${localRepository}"/>
[INFO]   <offline default-value="${settings.offline}"/>
[INFO]   <packaging default-value="${project.packaging}"/>
[INFO]   <pomFile default-value="${project.file}"/>
[INFO]   <project default-value="${project}"/>
[INFO]   <reactorProjects default-value="${reactorProjects}"/>
[INFO]   <retryFailedDeploymentCount default-value="1">${retryFailedDeploymentCount}</retryFailedDeploymentCount>
[INFO]   <skip default-value="false">${maven.deploy.skip}</skip>
[INFO]   <updateReleaseInfo default-value="false">true</updateReleaseInfo>
[INFO] </configuration>
[INFO] [DEBUG] =======================================================================
[INFO] [INFO] 
[INFO] [INFO] >>> maven-source-plugin:2.4:jar (attach-sources) > generate-sources @ parent >>>
[INFO] [INFO] 
[INFO] [INFO] <<< maven-source-plugin:2.4:jar (attach-sources) < generate-sources @ parent <<<
[INFO] [DEBUG] Dependency collection stats: {ConflictMarker.analyzeTime=0, ConflictMarker.markTime=1, ConflictMarker.nodeCount=1, ConflictIdSorter.graphTime=0, ConflictIdSorter.topsortTime=1, ConflictIdSorter.conflictIdCount=0, ConflictIdSorter.conflictIdCycleCount=0, ConflictResolver.totalTime=3, ConflictResolver.conflictItemCount=0, DefaultDependencyCollector.collectTime=1, DefaultDependencyCollector.transformTime=47}
[INFO] [DEBUG] com.gehc.apps.demo:parent:pom:0.0.1-SNAPSHOT
[INFO] [INFO] 
[INFO] [INFO] --- maven-source-plugin:2.4:jar (attach-sources) @ parent ---
[INFO] [DEBUG] Dependency collection stats: {ConflictMarker.analyzeTime=3, ConflictMarker.markTime=1, ConflictMarker.nodeCount=101, ConflictIdSorter.graphTime=1, ConflictIdSorter.topsortTime=0, ConflictIdSorter.conflictIdCount=29, ConflictIdSorter.conflictIdCycleCount=0, ConflictResolver.totalTime=11, ConflictResolver.conflictItemCount=74, DefaultDependencyCollector.collectTime=295, DefaultDependencyCollector.transformTime=16}
[INFO] [DEBUG] org.apache.maven.plugins:maven-source-plugin:jar:2.4:
[INFO] [DEBUG]    org.apache.maven:maven-model:jar:2.2.1:compile
[INFO] [DEBUG]    org.apache.maven:maven-artifact:jar:2.2.1:compile
[INFO] [DEBUG]    org.apache.maven:maven-plugin-api:jar:2.2.1:compile
[INFO] [DEBUG]    org.apache.maven:maven-project:jar:2.2.1:compile
[INFO] [DEBUG]       org.apache.maven:maven-settings:jar:2.2.1:compile
[INFO] [DEBUG]       org.apache.maven:maven-profile:jar:2.2.1:compile
[INFO] [DEBUG]       org.apache.maven:maven-artifact-manager:jar:2.2.1:compile
[INFO] [DEBUG]          org.apache.maven:maven-repository-metadata:jar:2.2.1:compile
[INFO] [DEBUG]          backport-util-concurrent:backport-util-concurrent:jar:3.1:compile
[INFO] [DEBUG]       org.apache.maven:maven-plugin-registry:jar:2.2.1:compile
[INFO] [DEBUG]       org.codehaus.plexus:plexus-interpolation:jar:1.11:compile
[INFO] [DEBUG]       org.codehaus.plexus:plexus-container-default:jar:1.0-alpha-9-stable-1:compile
[INFO] [DEBUG]          junit:junit:jar:3.8.1:compile
[INFO] [DEBUG]          classworlds:classworlds:jar:1.1-alpha-2:compile
[INFO] [DEBUG]    org.apache.maven:maven-archiver:jar:2.5:compile
[INFO] [DEBUG]       org.apache.maven:maven-core:jar:2.0.6:compile
[INFO] [DEBUG]          org.apache.maven:maven-plugin-parameter-documenter:jar:2.0.6:compile
[INFO] [DEBUG]          org.apache.maven.reporting:maven-reporting-api:jar:2.0.6:compile
[INFO] [DEBUG]             org.apache.maven.doxia:doxia-sink-api:jar:1.0-alpha-7:compile
[INFO] [DEBUG]          org.apache.maven:maven-error-diagnostics:jar:2.0.6:compile
[INFO] [DEBUG]          commons-cli:commons-cli:jar:1.0:compile
[INFO] [DEBUG]          org.apache.maven:maven-plugin-descriptor:jar:2.0.6:compile
[INFO] [DEBUG]          org.codehaus.plexus:plexus-interactivity-api:jar:1.0-alpha-4:compile
[INFO] [DEBUG]          org.apache.maven:maven-monitor:jar:2.0.6:compile
[INFO] [DEBUG]    org.codehaus.plexus:plexus-archiver:jar:2.6.3:compile
[INFO] [DEBUG]       org.codehaus.plexus:plexus-io:jar:2.1.3:compile
[INFO] [DEBUG]       org.apache.commons:commons-compress:jar:1.8.1:compile
[INFO] [DEBUG]    org.codehaus.plexus:plexus-utils:jar:3.0.18:compile
[INFO] [DEBUG] Created new class realm plugin>org.apache.maven.plugins:maven-source-plugin:2.4
[INFO] [DEBUG] Importing foreign packages into class realm plugin>org.apache.maven.plugins:maven-source-plugin:2.4
[INFO] [DEBUG]   Imported:  < maven.api
[INFO] [DEBUG] Populating class realm plugin>org.apache.maven.plugins:maven-source-plugin:2.4
[INFO] [DEBUG]   Included: org.apache.maven.plugins:maven-source-plugin:jar:2.4
[INFO] [DEBUG]   Included: backport-util-concurrent:backport-util-concurrent:jar:3.1
[INFO] [DEBUG]   Included: org.codehaus.plexus:plexus-interpolation:jar:1.11
[INFO] [DEBUG]   Included: junit:junit:jar:3.8.1
[INFO] [DEBUG]   Included: org.apache.maven:maven-archiver:jar:2.5
[INFO] [DEBUG]   Included: org.apache.maven.reporting:maven-reporting-api:jar:2.0.6
[INFO] [DEBUG]   Included: org.apache.maven.doxia:doxia-sink-api:jar:1.0-alpha-7
[INFO] [DEBUG]   Included: commons-cli:commons-cli:jar:1.0
[INFO] [DEBUG]   Included: org.codehaus.plexus:plexus-interactivity-api:jar:1.0-alpha-4
[INFO] [DEBUG]   Included: org.codehaus.plexus:plexus-archiver:jar:2.6.3
[INFO] [DEBUG]   Included: org.codehaus.plexus:plexus-io:jar:2.1.3
[INFO] [DEBUG]   Included: org.apache.commons:commons-compress:jar:1.8.1
[INFO] [DEBUG]   Included: org.codehaus.plexus:plexus-utils:jar:3.0.18
[INFO] [DEBUG] Configuring mojo org.apache.maven.plugins:maven-source-plugin:2.4:jar from plugin realm ClassRealm[plugin>org.apache.maven.plugins:maven-source-plugin:2.4, parent: sun.misc.Launcher$AppClassLoader@5c647e05]
[INFO] [DEBUG] Configuring mojo 'org.apache.maven.plugins:maven-source-plugin:2.4:jar' with basic configurator -->
[INFO] [DEBUG]   (f) attach = true
[INFO] [DEBUG]   (f) classifier = sources
[INFO] [DEBUG]   (f) defaultManifestFile = /home/frederic/Projets/html5/demo/target/checkout/target/classes/META-INF/MANIFEST.MF
[INFO] [DEBUG]   (f) excludeResources = false
[INFO] [DEBUG]   (f) finalName = parent-0.0.1-SNAPSHOT
[INFO] [DEBUG]   (f) forceCreation = false
[INFO] [DEBUG]   (f) includePom = false
[INFO] [DEBUG]   (f) outputDirectory = /home/frederic/Projets/html5/demo/target/checkout/target
[INFO] [DEBUG]   (f) project = MavenProject: com.gehc.apps.demo:parent:0.0.1-SNAPSHOT @ /home/frederic/Projets/html5/demo/target/checkout/pom.xml
[INFO] [DEBUG]   (f) reactorProjects = [MavenProject: com.gehc.apps.demo:parent:0.0.1-SNAPSHOT @ /home/frederic/Projets/html5/demo/target/checkout/pom.xml, MavenProject: com.gehc.apps.demo:dablog:0.0.1-SNAPSHOT @ /home/frederic/Projets/html5/demo/target/checkout/dablog/pom.xml]
[INFO] [DEBUG]   (f) session = org.apache.maven.execution.MavenSession@226f885f
[INFO] [DEBUG]   (f) skipSource = false
[INFO] [DEBUG]   (f) useDefaultExcludes = true
[INFO] [DEBUG]   (f) useDefaultManifestFile = false
[INFO] [DEBUG] -- end configuration --
[INFO] [INFO] 
[INFO] [INFO] --- maven-javadoc-plugin:2.10.1:jar (attach-javadocs) @ parent ---
[INFO] [DEBUG] Dependency collection stats: {ConflictMarker.analyzeTime=1, ConflictMarker.markTime=1, ConflictMarker.nodeCount=242, ConflictIdSorter.graphTime=1, ConflictIdSorter.topsortTime=0, ConflictIdSorter.conflictIdCount=60, ConflictIdSorter.conflictIdCycleCount=0, ConflictResolver.totalTime=4, ConflictResolver.conflictItemCount=145, DefaultDependencyCollector.collectTime=429, DefaultDependencyCollector.transformTime=7}
[INFO] [DEBUG] org.apache.maven.plugins:maven-javadoc-plugin:jar:2.10.1:
[INFO] [DEBUG]    org.apache.maven:maven-core:jar:2.2.1:compile
[INFO] [DEBUG]       org.apache.maven:maven-plugin-parameter-documenter:jar:2.2.1:compile
[INFO] [DEBUG]       org.slf4j:slf4j-jdk14:jar:1.5.6:runtime
[INFO] [DEBUG]          org.slf4j:slf4j-api:jar:1.5.6:runtime
[INFO] [DEBUG]       org.slf4j:jcl-over-slf4j:jar:1.5.6:runtime
[INFO] [DEBUG]       org.apache.maven:maven-profile:jar:2.2.1:compile
[INFO] [DEBUG]       org.apache.maven:maven-repository-metadata:jar:2.2.1:compile
[INFO] [DEBUG]       org.apache.maven:maven-error-diagnostics:jar:2.2.1:compile
[INFO] [DEBUG]       commons-cli:commons-cli:jar:1.2:compile
[INFO] [DEBUG]       org.apache.maven:maven-plugin-descriptor:jar:2.2.1:compile
[INFO] [DEBUG]       org.codehaus.plexus:plexus-interactivity-api:jar:1.0-alpha-4:compile
[INFO] [DEBUG]       org.apache.maven:maven-monitor:jar:2.2.1:compile
[INFO] [DEBUG]       classworlds:classworlds:jar:1.1:compile
[INFO] [DEBUG]       org.sonatype.plexus:plexus-sec-dispatcher:jar:1.3:compile
[INFO] [DEBUG]          org.sonatype.plexus:plexus-cipher:jar:1.4:compile
[INFO] [DEBUG]    org.apache.maven:maven-project:jar:2.2.1:compile
[INFO] [DEBUG]       org.apache.maven:maven-plugin-registry:jar:2.2.1:compile
[INFO] [DEBUG]       org.codehaus.plexus:plexus-interpolation:jar:1.11:compile
[INFO] [DEBUG]    org.apache.maven:maven-model:jar:2.2.1:compile
[INFO] [DEBUG]    org.apache.maven:maven-settings:jar:2.2.1:compile
[INFO] [DEBUG]    org.apache.maven:maven-plugin-api:jar:2.2.1:compile
[INFO] [DEBUG]    org.apache.maven:maven-artifact:jar:2.2.1:compile
[INFO] [DEBUG]    org.apache.maven:maven-artifact-manager:jar:2.2.1:compile
[INFO] [DEBUG]       backport-util-concurrent:backport-util-concurrent:jar:3.1:compile
[INFO] [DEBUG]    org.apache.maven:maven-toolchain:jar:2.2.1:compile
[INFO] [DEBUG]    org.apache.maven.reporting:maven-reporting-api:jar:3.0:compile
[INFO] [DEBUG]    org.apache.maven:maven-archiver:jar:2.5:compile
[INFO] [DEBUG]    org.apache.maven.shared:maven-invoker:jar:2.0.9:compile
[INFO] [DEBUG]    org.apache.maven.shared:maven-common-artifact-filters:jar:1.3:compile
[INFO] [DEBUG]    org.apache.maven.doxia:doxia-sink-api:jar:1.0:compile
[INFO] [DEBUG]    org.apache.maven.doxia:doxia-site-renderer:jar:1.0:compile
[INFO] [DEBUG]       org.apache.maven.doxia:doxia-core:jar:1.0:compile
[INFO] [DEBUG]       org.codehaus.plexus:plexus-i18n:jar:1.0-beta-7:compile
[INFO] [DEBUG]       org.codehaus.plexus:plexus-velocity:jar:1.1.7:compile
[INFO] [DEBUG]       org.apache.velocity:velocity:jar:1.5:compile
[INFO] [DEBUG]          oro:oro:jar:2.0.8:compile
[INFO] [DEBUG]       org.apache.maven.doxia:doxia-decoration-model:jar:1.0:compile
[INFO] [DEBUG]       commons-collections:commons-collections:jar:3.2:compile
[INFO] [DEBUG]       org.apache.maven.doxia:doxia-module-apt:jar:1.0:compile
[INFO] [DEBUG]       org.apache.maven.doxia:doxia-module-fml:jar:1.0:compile
[INFO] [DEBUG]       org.apache.maven.doxia:doxia-module-xdoc:jar:1.0:compile
[INFO] [DEBUG]       org.apache.maven.doxia:doxia-module-xhtml:jar:1.0:compile
[INFO] [DEBUG]    org.apache.maven.wagon:wagon-provider-api:jar:1.0-beta-6:compile
[INFO] [DEBUG]    commons-lang:commons-lang:jar:2.4:compile
[INFO] [DEBUG]    commons-io:commons-io:jar:2.2:compile
[INFO] [DEBUG]    org.apache.httpcomponents:httpclient:jar:4.2.3:compile
[INFO] [DEBUG]       org.apache.httpcomponents:httpcore:jar:4.2.2:compile
[INFO] [DEBUG]       commons-codec:commons-codec:jar:1.6:compile
[INFO] [DEBUG]    commons-logging:commons-logging:jar:1.1.1:compile
[INFO] [DEBUG]    log4j:log4j:jar:1.2.14:compile
[INFO] [DEBUG]    com.thoughtworks.qdox:qdox:jar:1.12.1:compile
[INFO] [DEBUG]    org.codehaus.plexus:plexus-container-default:jar:1.0-alpha-9:compile
[INFO] [DEBUG]       junit:junit:jar:3.8.1:compile
[INFO] [DEBUG]    org.codehaus.plexus:plexus-archiver:jar:2.5:compile
[INFO] [DEBUG]       org.codehaus.plexus:plexus-io:jar:2.0.12:compile
[INFO] [DEBUG]       org.apache.commons:commons-compress:jar:1.8.1:compile
[INFO] [DEBUG]    org.codehaus.plexus:plexus-utils:jar:3.0.15:compile
[INFO] [DEBUG] Created new class realm plugin>org.apache.maven.plugins:maven-javadoc-plugin:2.10.1
[INFO] [DEBUG] Importing foreign packages into class realm plugin>org.apache.maven.plugins:maven-javadoc-plugin:2.10.1
[INFO] [DEBUG]   Imported:  < maven.api
[INFO] [DEBUG] Populating class realm plugin>org.apache.maven.plugins:maven-javadoc-plugin:2.10.1
[INFO] [DEBUG]   Included: org.apache.maven.plugins:maven-javadoc-plugin:jar:2.10.1
[INFO] [DEBUG]   Included: org.slf4j:slf4j-jdk14:jar:1.5.6
[INFO] [DEBUG]   Included: org.slf4j:jcl-over-slf4j:jar:1.5.6
[INFO] [DEBUG]   Included: commons-cli:commons-cli:jar:1.2
[INFO] [DEBUG]   Included: org.codehaus.plexus:plexus-interactivity-api:jar:1.0-alpha-4
[INFO] [DEBUG]   Included: org.sonatype.plexus:plexus-sec-dispatcher:jar:1.3
[INFO] [DEBUG]   Included: org.sonatype.plexus:plexus-cipher:jar:1.4
[INFO] [DEBUG]   Included: org.codehaus.plexus:plexus-interpolation:jar:1.11
[INFO] [DEBUG]   Included: backport-util-concurrent:backport-util-concurrent:jar:3.1
[INFO] [DEBUG]   Included: org.apache.maven.reporting:maven-reporting-api:jar:3.0
[INFO] [DEBUG]   Included: org.apache.maven:maven-archiver:jar:2.5
[INFO] [DEBUG]   Included: org.apache.maven.shared:maven-invoker:jar:2.0.9
[INFO] [DEBUG]   Included: org.apache.maven.shared:maven-common-artifact-filters:jar:1.3
[INFO] [DEBUG]   Included: org.apache.maven.doxia:doxia-sink-api:jar:1.0
[INFO] [DEBUG]   Included: org.apache.maven.doxia:doxia-site-renderer:jar:1.0
[INFO] [DEBUG]   Included: org.apache.maven.doxia:doxia-core:jar:1.0
[INFO] [DEBUG]   Included: org.codehaus.plexus:plexus-i18n:jar:1.0-beta-7
[INFO] [DEBUG]   Included: org.codehaus.plexus:plexus-velocity:jar:1.1.7
[INFO] [DEBUG]   Included: org.apache.velocity:velocity:jar:1.5
[INFO] [DEBUG]   Included: oro:oro:jar:2.0.8
[INFO] [DEBUG]   Included: org.apache.maven.doxia:doxia-decoration-model:jar:1.0
[INFO] [DEBUG]   Included: commons-collections:commons-collections:jar:3.2
[INFO] [DEBUG]   Included: org.apache.maven.doxia:doxia-module-apt:jar:1.0
[INFO] [DEBUG]   Included: org.apache.maven.doxia:doxia-module-fml:jar:1.0
[INFO] [DEBUG]   Included: org.apache.maven.doxia:doxia-module-xdoc:jar:1.0
[INFO] [DEBUG]   Included: org.apache.maven.doxia:doxia-module-xhtml:jar:1.0
[INFO] [DEBUG]   Included: commons-lang:commons-lang:jar:2.4
[INFO] [DEBUG]   Included: commons-io:commons-io:jar:2.2
[INFO] [DEBUG]   Included: org.apache.httpcomponents:httpclient:jar:4.2.3
[INFO] [DEBUG]   Included: org.apache.httpcomponents:httpcore:jar:4.2.2
[INFO] [DEBUG]   Included: commons-codec:commons-codec:jar:1.6
[INFO] [DEBUG]   Included: commons-logging:commons-logging:jar:1.1.1
[INFO] [DEBUG]   Included: log4j:log4j:jar:1.2.14
[INFO] [DEBUG]   Included: com.thoughtworks.qdox:qdox:jar:1.12.1
[INFO] [DEBUG]   Included: junit:junit:jar:3.8.1
[INFO] [DEBUG]   Included: org.codehaus.plexus:plexus-archiver:jar:2.5
[INFO] [DEBUG]   Included: org.codehaus.plexus:plexus-io:jar:2.0.12
[INFO] [DEBUG]   Included: org.apache.commons:commons-compress:jar:1.8.1
[INFO] [DEBUG]   Included: org.codehaus.plexus:plexus-utils:jar:3.0.15
[INFO] [DEBUG] Configuring mojo org.apache.maven.plugins:maven-javadoc-plugin:2.10.1:jar from plugin realm ClassRealm[plugin>org.apache.maven.plugins:maven-javadoc-plugin:2.10.1, parent: sun.misc.Launcher$AppClassLoader@5c647e05]
[INFO] [DEBUG] Configuring mojo 'org.apache.maven.plugins:maven-javadoc-plugin:2.10.1:jar' with basic configurator -->
[INFO] [DEBUG]   (f) aggregate = false
[INFO] [DEBUG]   (f) applyJavadocSecurityFix = true
[INFO] [DEBUG]   (f) attach = true
[INFO] [DEBUG]   (f) author = true
[INFO] [DEBUG]   (f) bootclasspathArtifacts = []
[INFO] [DEBUG]   (f) bottom = Copyright &#169; {inceptionYear}&#x2013;{currentYear} {organizationName}. All rights reserved.
[INFO] [DEBUG]   (f) breakiterator = false
[INFO] [DEBUG]   (f) classifier = javadoc
[INFO] [DEBUG]   (f) debug = false
[INFO] [DEBUG]   (f) defaultManifestFile = /home/frederic/Projets/html5/demo/target/checkout/target/classes/META-INF/MANIFEST.MF
[INFO] [DEBUG]   (f) detectJavaApiLink = true
[INFO] [DEBUG]   (f) detectLinks = false
[INFO] [DEBUG]   (f) detectOfflineLinks = true
[INFO] [DEBUG]   (f) docencoding = UTF-8
[INFO] [DEBUG]   (f) docfilessubdirs = false
[INFO] [DEBUG]   (f) docletArtifact = groupId = 'null'
[INFO] artifactId = 'null'
[INFO] version = 'null'
[INFO] [DEBUG]   (f) docletArtifacts = []
[INFO] [DEBUG]   (f) doctitle = AngularSpringMavenProjectDemo 0.0.1-SNAPSHOT API
[INFO] [DEBUG]   (f) encoding = UTF-8
[INFO] [DEBUG]   (f) failOnError = true
[INFO] [DEBUG]   (f) finalName = parent-0.0.1-SNAPSHOT
[INFO] [DEBUG]   (f) groups = []
[INFO] [DEBUG]   (f) includeDependencySources = false
[INFO] [DEBUG]   (f) includeTransitiveDependencySources = false
[INFO] [DEBUG]   (f) isOffline = false
[INFO] [DEBUG]   (f) jarOutputDirectory = /home/frederic/Projets/html5/demo/target/checkout/target
[INFO] [DEBUG]   (f) javaApiLinks = {}
[INFO] [DEBUG]   (f) javadocDirectory = /home/frederic/Projets/html5/demo/target/checkout/src/main/javadoc
[INFO] [DEBUG]   (f) javadocOptionsDir = /home/frederic/Projets/html5/demo/target/checkout/target/javadoc-bundle-options
[INFO] [DEBUG]   (f) keywords = false
[INFO] [DEBUG]   (f) links = []
[INFO] [DEBUG]   (f) linksource = false
[INFO] [DEBUG]   (f) localRepository =       id: local
[INFO]       url: file:///home/frederic/.m2/repository/
[INFO]    layout: default
[INFO] snapshots: [enabled => true, update => always]
[INFO]  releases: [enabled => true, update => always]
[INFO] 
[INFO] [DEBUG]   (f) nocomment = false
[INFO] [DEBUG]   (f) nodeprecated = false
[INFO] [DEBUG]   (f) nodeprecatedlist = false
[INFO] [DEBUG]   (f) nohelp = false
[INFO] [DEBUG]   (f) noindex = false
[INFO] [DEBUG]   (f) nonavbar = false
[INFO] [DEBUG]   (f) nooverview = false
[INFO] [DEBUG]   (f) nosince = false
[INFO] [DEBUG]   (f) notimestamp = false
[INFO] [DEBUG]   (f) notree = false
[INFO] [DEBUG]   (f) offlineLinks = []
[INFO] [DEBUG]   (f) old = false
[INFO] [DEBUG]   (f) outputDirectory = /home/frederic/Projets/html5/demo/target/checkout/target/apidocs
[INFO] [DEBUG]   (f) overview = /home/frederic/Projets/html5/demo/target/checkout/src/main/javadoc/overview.html
[INFO] [DEBUG]   (f) project = MavenProject: com.gehc.apps.demo:parent:0.0.1-SNAPSHOT @ /home/frederic/Projets/html5/demo/target/checkout/pom.xml
[INFO] [DEBUG]   (f) quiet = false
[INFO] [DEBUG]   (f) reactorProjects = [MavenProject: com.gehc.apps.demo:parent:0.0.1-SNAPSHOT @ /home/frederic/Projets/html5/demo/target/checkout/pom.xml, MavenProject: com.gehc.apps.demo:dablog:0.0.1-SNAPSHOT @ /home/frederic/Projets/html5/demo/target/checkout/dablog/pom.xml]
[INFO] [DEBUG]   (f) remoteRepositories = [      id: bintray-mcgivrer-maven
[INFO]       url: http://dl.bintray.com/mcgivrer/maven
[INFO]    layout: default
[INFO] snapshots: [enabled => false, update => daily]
[INFO]  releases: [enabled => true, update => daily]
[INFO] ,       id: central
[INFO]       url: https://repo.maven.apache.org/maven2
[INFO]    layout: default
[INFO] snapshots: [enabled => false, update => daily]
[INFO]  releases: [enabled => true, update => daily]
[INFO] ]
[INFO] [DEBUG]   (f) resourcesArtifacts = []
[INFO] [DEBUG]   (f) serialwarn = false
[INFO] [DEBUG]   (f) session = org.apache.maven.execution.MavenSession@226f885f
[INFO] [DEBUG]   (f) settings = org.apache.maven.execution.SettingsAdapter@3a4ba480
[INFO] [DEBUG]   (f) show = protected
[INFO] [DEBUG]   (f) skip = false
[INFO] [DEBUG]   (f) sourceDependencyCacheDir = /home/frederic/Projets/html5/demo/target/checkout/target/distro-javadoc-sources
[INFO] [DEBUG]   (f) splitindex = false
[INFO] [DEBUG]   (f) stylesheet = java
[INFO] [DEBUG]   (f) tagletArtifact = groupId = 'null'
[INFO] artifactId = 'null'
[INFO] version = 'null'
[INFO] [DEBUG]   (f) tagletArtifacts = []
[INFO] [DEBUG]   (f) taglets = []
[INFO] [DEBUG]   (f) tags = []
[INFO] [DEBUG]   (f) use = true
[INFO] [DEBUG]   (f) useDefaultManifestFile = false
[INFO] [DEBUG]   (f) useStandardDocletOptions = true
[INFO] [DEBUG]   (f) validateLinks = false
[INFO] [DEBUG]   (f) verbose = false
[INFO] [DEBUG]   (f) version = true
[INFO] [DEBUG]   (f) windowtitle = AngularSpringMavenProjectDemo 0.0.1-SNAPSHOT API
[INFO] [DEBUG] -- end configuration --
[INFO] [INFO] Not executing Javadoc as the project is not a Java classpath-capable package
[INFO] [INFO] 
[INFO] [INFO] --- maven-install-plugin:2.5.2:install (default-install) @ parent ---
[INFO] [DEBUG] Dependency collection stats: {ConflictMarker.analyzeTime=0, ConflictMarker.markTime=0, ConflictMarker.nodeCount=40, ConflictIdSorter.graphTime=1, ConflictIdSorter.topsortTime=0, ConflictIdSorter.conflictIdCount=19, ConflictIdSorter.conflictIdCycleCount=0, ConflictResolver.totalTime=0, ConflictResolver.conflictItemCount=40, DefaultDependencyCollector.collectTime=17, DefaultDependencyCollector.transformTime=1}
[INFO] [DEBUG] org.apache.maven.plugins:maven-install-plugin:jar:2.5.2:
[INFO] [DEBUG]    org.apache.maven:maven-plugin-api:jar:2.2.1:compile
[INFO] [DEBUG]    org.apache.maven:maven-project:jar:2.2.1:compile
[INFO] [DEBUG]       org.apache.maven:maven-settings:jar:2.2.1:compile
[INFO] [DEBUG]       org.apache.maven:maven-profile:jar:2.2.1:compile
[INFO] [DEBUG]       org.apache.maven:maven-plugin-registry:jar:2.2.1:compile
[INFO] [DEBUG]       org.codehaus.plexus:plexus-interpolation:jar:1.11:compile
[INFO] [DEBUG]       org.codehaus.plexus:plexus-container-default:jar:1.0-alpha-9-stable-1:compile
[INFO] [DEBUG]          junit:junit:jar:3.8.1:compile
[INFO] [DEBUG]          classworlds:classworlds:jar:1.1-alpha-2:compile
[INFO] [DEBUG]    org.apache.maven:maven-model:jar:2.2.1:compile
[INFO] [DEBUG]    org.apache.maven:maven-artifact-manager:jar:2.2.1:compile
[INFO] [DEBUG]       org.apache.maven:maven-repository-metadata:jar:2.2.1:compile
[INFO] [DEBUG]       backport-util-concurrent:backport-util-concurrent:jar:3.1:compile
[INFO] [DEBUG]    org.apache.maven:maven-artifact:jar:2.2.1:compile
[INFO] [DEBUG]    commons-codec:commons-codec:jar:1.6:compile
[INFO] [DEBUG]    org.apache.maven.shared:maven-shared-utils:jar:0.4:compile
[INFO] [DEBUG]       com.google.code.findbugs:jsr305:jar:2.0.1:compile
[INFO] [DEBUG]    org.codehaus.plexus:plexus-utils:jar:3.0.15:compile
[INFO] [DEBUG] Created new class realm plugin>org.apache.maven.plugins:maven-install-plugin:2.5.2
[INFO] [DEBUG] Importing foreign packages into class realm plugin>org.apache.maven.plugins:maven-install-plugin:2.5.2
[INFO] [DEBUG]   Imported:  < maven.api
[INFO] [DEBUG] Populating class realm plugin>org.apache.maven.plugins:maven-install-plugin:2.5.2
[INFO] [DEBUG]   Included: org.apache.maven.plugins:maven-install-plugin:jar:2.5.2
[INFO] [DEBUG]   Included: org.codehaus.plexus:plexus-interpolation:jar:1.11
[INFO] [DEBUG]   Included: junit:junit:jar:3.8.1
[INFO] [DEBUG]   Included: backport-util-concurrent:backport-util-concurrent:jar:3.1
[INFO] [DEBUG]   Included: commons-codec:commons-codec:jar:1.6
[INFO] [DEBUG]   Included: org.apache.maven.shared:maven-shared-utils:jar:0.4
[INFO] [DEBUG]   Included: com.google.code.findbugs:jsr305:jar:2.0.1
[INFO] [DEBUG]   Included: org.codehaus.plexus:plexus-utils:jar:3.0.15
[INFO] [DEBUG] Configuring mojo org.apache.maven.plugins:maven-install-plugin:2.5.2:install from plugin realm ClassRealm[plugin>org.apache.maven.plugins:maven-install-plugin:2.5.2, parent: sun.misc.Launcher$AppClassLoader@5c647e05]
[INFO] [DEBUG] Configuring mojo 'org.apache.maven.plugins:maven-install-plugin:2.5.2:install' with basic configurator -->
[INFO] [DEBUG]   (f) artifact = com.gehc.apps.demo:parent:pom:0.0.1-SNAPSHOT
[INFO] [DEBUG]   (f) attachedArtifacts = []
[INFO] [DEBUG]   (f) createChecksum = false
[INFO] [DEBUG]   (f) installAtEnd = false
[INFO] [DEBUG]   (f) localRepository =       id: local
[INFO]       url: file:///home/frederic/.m2/repository/
[INFO]    layout: default
[INFO] snapshots: [enabled => true, update => always]
[INFO]  releases: [enabled => true, update => always]
[INFO] 
[INFO] [DEBUG]   (f) packaging = pom
[INFO] [DEBUG]   (f) pomFile = /home/frederic/Projets/html5/demo/target/checkout/pom.xml
[INFO] [DEBUG]   (f) project = MavenProject: com.gehc.apps.demo:parent:0.0.1-SNAPSHOT @ /home/frederic/Projets/html5/demo/target/checkout/pom.xml
[INFO] [DEBUG]   (f) reactorProjects = [MavenProject: com.gehc.apps.demo:parent:0.0.1-SNAPSHOT @ /home/frederic/Projets/html5/demo/target/checkout/pom.xml, MavenProject: com.gehc.apps.demo:dablog:0.0.1-SNAPSHOT @ /home/frederic/Projets/html5/demo/target/checkout/dablog/pom.xml]
[INFO] [DEBUG]   (s) skip = false
[INFO] [DEBUG]   (f) updateReleaseInfo = false
[INFO] [DEBUG] -- end configuration --
[INFO] [INFO] Installing /home/frederic/Projets/html5/demo/target/checkout/pom.xml to /home/frederic/.m2/repository/com/gehc/apps/demo/parent/0.0.1-SNAPSHOT/parent-0.0.1-SNAPSHOT.pom
[INFO] [DEBUG] Writing tracking file /home/frederic/.m2/repository/com/gehc/apps/demo/parent/0.0.1-SNAPSHOT/_remote.repositories
[INFO] [DEBUG] Installing com.gehc.apps.demo:parent:0.0.1-SNAPSHOT/maven-metadata.xml to /home/frederic/.m2/repository/com/gehc/apps/demo/parent/0.0.1-SNAPSHOT/maven-metadata-local.xml
[INFO] [DEBUG] Installing com.gehc.apps.demo:parent/maven-metadata.xml to /home/frederic/.m2/repository/com/gehc/apps/demo/parent/maven-metadata-local.xml
[INFO] [INFO] 
[INFO] [INFO] --- maven-deploy-plugin:2.8.2:deploy (default-deploy) @ parent ---
[INFO] [DEBUG] Dependency collection stats: {ConflictMarker.analyzeTime=0, ConflictMarker.markTime=0, ConflictMarker.nodeCount=36, ConflictIdSorter.graphTime=0, ConflictIdSorter.topsortTime=0, ConflictIdSorter.conflictIdCount=16, ConflictIdSorter.conflictIdCycleCount=0, ConflictResolver.totalTime=1, ConflictResolver.conflictItemCount=36, DefaultDependencyCollector.collectTime=5, DefaultDependencyCollector.transformTime=1}
[INFO] [DEBUG] org.apache.maven.plugins:maven-deploy-plugin:jar:2.8.2:
[INFO] [DEBUG]    org.apache.maven:maven-plugin-api:jar:2.2.1:compile
[INFO] [DEBUG]    org.apache.maven:maven-project:jar:2.2.1:compile
[INFO] [DEBUG]       org.apache.maven:maven-settings:jar:2.2.1:compile
[INFO] [DEBUG]       org.apache.maven:maven-profile:jar:2.2.1:compile
[INFO] [DEBUG]       org.apache.maven:maven-artifact-manager:jar:2.2.1:compile
[INFO] [DEBUG]          org.apache.maven:maven-repository-metadata:jar:2.2.1:compile
[INFO] [DEBUG]          backport-util-concurrent:backport-util-concurrent:jar:3.1:compile
[INFO] [DEBUG]       org.apache.maven:maven-plugin-registry:jar:2.2.1:compile
[INFO] [DEBUG]       org.codehaus.plexus:plexus-interpolation:jar:1.11:compile
[INFO] [DEBUG]       org.codehaus.plexus:plexus-container-default:jar:1.0-alpha-9-stable-1:compile
[INFO] [DEBUG]          junit:junit:jar:3.8.1:compile
[INFO] [DEBUG]          classworlds:classworlds:jar:1.1-alpha-2:compile
[INFO] [DEBUG]    org.apache.maven:maven-model:jar:2.2.1:compile
[INFO] [DEBUG]    org.apache.maven:maven-artifact:jar:2.2.1:compile
[INFO] [DEBUG]    org.codehaus.plexus:plexus-utils:jar:3.0.15:compile
[INFO] [DEBUG] Created new class realm plugin>org.apache.maven.plugins:maven-deploy-plugin:2.8.2
[INFO] [DEBUG] Importing foreign packages into class realm plugin>org.apache.maven.plugins:maven-deploy-plugin:2.8.2
[INFO] [DEBUG]   Imported:  < maven.api
[INFO] [DEBUG] Populating class realm plugin>org.apache.maven.plugins:maven-deploy-plugin:2.8.2
[INFO] [DEBUG]   Included: org.apache.maven.plugins:maven-deploy-plugin:jar:2.8.2
[INFO] [DEBUG]   Included: backport-util-concurrent:backport-util-concurrent:jar:3.1
[INFO] [DEBUG]   Included: org.codehaus.plexus:plexus-interpolation:jar:1.11
[INFO] [DEBUG]   Included: junit:junit:jar:3.8.1
[INFO] [DEBUG]   Included: org.codehaus.plexus:plexus-utils:jar:3.0.15
[INFO] [DEBUG] Configuring mojo org.apache.maven.plugins:maven-deploy-plugin:2.8.2:deploy from plugin realm ClassRealm[plugin>org.apache.maven.plugins:maven-deploy-plugin:2.8.2, parent: sun.misc.Launcher$AppClassLoader@5c647e05]
[INFO] [DEBUG] Configuring mojo 'org.apache.maven.plugins:maven-deploy-plugin:2.8.2:deploy' with basic configurator -->
[INFO] [DEBUG]   (f) artifact = com.gehc.apps.demo:parent:pom:0.0.1-SNAPSHOT
[INFO] [DEBUG]   (f) attachedArtifacts = []
[INFO] [DEBUG]   (f) deployAtEnd = false
[INFO] [DEBUG]   (s) localRepository =       id: local
[INFO]       url: file:///home/frederic/.m2/repository/
[INFO]    layout: default
[INFO] snapshots: [enabled => true, update => always]
[INFO]  releases: [enabled => true, update => always]
[INFO] 
[INFO] [DEBUG]   (f) offline = false
[INFO] [DEBUG]   (f) packaging = pom
[INFO] [DEBUG]   (f) pomFile = /home/frederic/Projets/html5/demo/target/checkout/pom.xml
[INFO] [DEBUG]   (f) project = MavenProject: com.gehc.apps.demo:parent:0.0.1-SNAPSHOT @ /home/frederic/Projets/html5/demo/target/checkout/pom.xml
[INFO] [DEBUG]   (f) reactorProjects = [MavenProject: com.gehc.apps.demo:parent:0.0.1-SNAPSHOT @ /home/frederic/Projets/html5/demo/target/checkout/pom.xml, MavenProject: com.gehc.apps.demo:dablog:0.0.1-SNAPSHOT @ /home/frederic/Projets/html5/demo/target/checkout/dablog/pom.xml]
[INFO] [DEBUG]   (f) retryFailedDeploymentCount = 1
[INFO] [DEBUG]   (f) skip = false
[INFO] [DEBUG]   (f) updateReleaseInfo = true
[INFO] [DEBUG] -- end configuration --
[INFO] [INFO] ------------------------------------------------------------------------
[INFO] [INFO] Reactor Summary:
[INFO] [INFO] 
[INFO] [INFO] AngularSpringMavenProjectDemo ...................... FAILURE [  1.969 s]
[INFO] [INFO] DaBlog ............................................. SKIPPED
[INFO] [INFO] ------------------------------------------------------------------------
[INFO] [INFO] BUILD FAILURE
[INFO] [INFO] ------------------------------------------------------------------------
[INFO] [INFO] Total time: 2.589 s
[INFO] [INFO] Finished at: 2016-03-02T01:56:46+01:00
[INFO] [INFO] Final Memory: 18M/137M
[INFO] [INFO] ------------------------------------------------------------------------
[INFO] [ERROR] Failed to execute goal org.apache.maven.plugins:maven-deploy-plugin:2.8.2:deploy (default-deploy) on project parent: Deployment failed: repository element was not specified in the POM inside distributionManagement element or in -DaltDeploymentRepository=id::layout::url parameter -> [Help 1]
[INFO] org.apache.maven.lifecycle.LifecycleExecutionException: Failed to execute goal org.apache.maven.plugins:maven-deploy-plugin:2.8.2:deploy (default-deploy) on project parent: Deployment failed: repository element was not specified in the POM inside distributionManagement element or in -DaltDeploymentRepository=id::layout::url parameter
[INFO] 	at org.apache.maven.lifecycle.internal.MojoExecutor.execute(MojoExecutor.java:212)
[INFO] 	at org.apache.maven.lifecycle.internal.MojoExecutor.execute(MojoExecutor.java:153)
[INFO] 	at org.apache.maven.lifecycle.internal.MojoExecutor.execute(MojoExecutor.java:145)
[INFO] 	at org.apache.maven.lifecycle.internal.LifecycleModuleBuilder.buildProject(LifecycleModuleBuilder.java:116)
[INFO] 	at org.apache.maven.lifecycle.internal.LifecycleModuleBuilder.buildProject(LifecycleModuleBuilder.java:80)
[INFO] 	at org.apache.maven.lifecycle.internal.builder.singlethreaded.SingleThreadedBuilder.build(SingleThreadedBuilder.java:51)
[INFO] 	at org.apache.maven.lifecycle.internal.LifecycleStarter.execute(LifecycleStarter.java:128)
[INFO] 	at org.apache.maven.DefaultMaven.doExecute(DefaultMaven.java:307)
[INFO] 	at org.apache.maven.DefaultMaven.doExecute(DefaultMaven.java:193)
[INFO] 	at org.apache.maven.DefaultMaven.execute(DefaultMaven.java:106)
[INFO] 	at org.apache.maven.cli.MavenCli.execute(MavenCli.java:863)
[INFO] 	at org.apache.maven.cli.MavenCli.doMain(MavenCli.java:288)
[INFO] 	at org.apache.maven.cli.MavenCli.main(MavenCli.java:199)
[INFO] 	at sun.reflect.NativeMethodAccessorImpl.invoke0(Native Method)
[INFO] 	at sun.reflect.NativeMethodAccessorImpl.invoke(NativeMethodAccessorImpl.java:62)
[INFO] 	at sun.reflect.DelegatingMethodAccessorImpl.invoke(DelegatingMethodAccessorImpl.java:43)
[INFO] 	at java.lang.reflect.Method.invoke(Method.java:498)
[INFO] 	at org.codehaus.plexus.classworlds.launcher.Launcher.launchEnhanced(Launcher.java:289)
[INFO] 	at org.codehaus.plexus.classworlds.launcher.Launcher.launch(Launcher.java:229)
[INFO] 	at org.codehaus.plexus.classworlds.launcher.Launcher.mainWithExitCode(Launcher.java:415)
[INFO] 	at org.codehaus.plexus.classworlds.launcher.Launcher.main(Launcher.java:356)
[INFO] Caused by: org.apache.maven.plugin.MojoExecutionException: Deployment failed: repository element was not specified in the POM inside distributionManagement element or in -DaltDeploymentRepository=id::layout::url parameter
[INFO] 	at org.apache.maven.plugin.deploy.DeployMojo.getDeploymentRepository(DeployMojo.java:343)
[INFO] 	at org.apache.maven.plugin.deploy.DeployMojo.deployProject(DeployMojo.java:206)
[INFO] 	at org.apache.maven.plugin.deploy.DeployMojo.execute(DeployMojo.java:169)
[INFO] 	at org.apache.maven.plugin.DefaultBuildPluginManager.executeMojo(DefaultBuildPluginManager.java:134)
[INFO] 	at org.apache.maven.lifecycle.internal.MojoExecutor.execute(MojoExecutor.java:207)
[INFO] 	... 20 more
[INFO] [ERROR] 
[INFO] [ERROR] 
[INFO] [ERROR] For more information about the errors and possible solutions, please read the following articles:
[INFO] [ERROR] [Help 1] http://cwiki.apache.org/confluence/display/MAVEN/MojoExecutionException
[INFO] ------------------------------------------------------------------------
[INFO] Reactor Summary:
[INFO] 
[INFO] AngularSpringBootMavenProjectDemo .................. FAILURE [ 10.716 s]
[INFO] Blog ............................................... SKIPPED
[INFO] DaBlog ............................................. SKIPPED
[INFO] ------------------------------------------------------------------------
[INFO] BUILD FAILURE
[INFO] ------------------------------------------------------------------------
[INFO] Total time: 11.810 s
[INFO] Finished at: 2016-03-02T01:56:46+01:00
[INFO] Final Memory: 20M/137M
[INFO] ------------------------------------------------------------------------
[ERROR] Failed to execute goal org.apache.maven.plugins:maven-release-plugin:2.3.2:perform (default-cli) on project parent: Maven execution failed, exit code: '1' -> [Help 1]
org.apache.maven.lifecycle.LifecycleExecutionException: Failed to execute goal org.apache.maven.plugins:maven-release-plugin:2.3.2:perform (default-cli) on project parent: Maven execution failed, exit code: '1'
	at org.apache.maven.lifecycle.internal.MojoExecutor.execute(MojoExecutor.java:212)
	at org.apache.maven.lifecycle.internal.MojoExecutor.execute(MojoExecutor.java:153)
	at org.apache.maven.lifecycle.internal.MojoExecutor.execute(MojoExecutor.java:145)
	at org.apache.maven.lifecycle.internal.LifecycleModuleBuilder.buildProject(LifecycleModuleBuilder.java:116)
	at org.apache.maven.lifecycle.internal.LifecycleModuleBuilder.buildProject(LifecycleModuleBuilder.java:80)
	at org.apache.maven.lifecycle.internal.builder.singlethreaded.SingleThreadedBuilder.build(SingleThreadedBuilder.java:51)
	at org.apache.maven.lifecycle.internal.LifecycleStarter.execute(LifecycleStarter.java:128)
	at org.apache.maven.DefaultMaven.doExecute(DefaultMaven.java:307)
	at org.apache.maven.DefaultMaven.doExecute(DefaultMaven.java:193)
	at org.apache.maven.DefaultMaven.execute(DefaultMaven.java:106)
	at org.apache.maven.cli.MavenCli.execute(MavenCli.java:863)
	at org.apache.maven.cli.MavenCli.doMain(MavenCli.java:288)
	at org.apache.maven.cli.MavenCli.main(MavenCli.java:199)
	at sun.reflect.NativeMethodAccessorImpl.invoke0(Native Method)
	at sun.reflect.NativeMethodAccessorImpl.invoke(NativeMethodAccessorImpl.java:62)
	at sun.reflect.DelegatingMethodAccessorImpl.invoke(DelegatingMethodAccessorImpl.java:43)
	at java.lang.reflect.Method.invoke(Method.java:498)
	at org.codehaus.plexus.classworlds.launcher.Launcher.launchEnhanced(Launcher.java:289)
	at org.codehaus.plexus.classworlds.launcher.Launcher.launch(Launcher.java:229)
	at org.codehaus.plexus.classworlds.launcher.Launcher.mainWithExitCode(Launcher.java:415)
	at org.codehaus.plexus.classworlds.launcher.Launcher.main(Launcher.java:356)
Caused by: org.apache.maven.plugin.MojoExecutionException: Maven execution failed, exit code: '1'
	at org.apache.maven.plugins.release.PerformReleaseMojo.execute(PerformReleaseMojo.java:153)
	at org.apache.maven.plugin.DefaultBuildPluginManager.executeMojo(DefaultBuildPluginManager.java:134)
	at org.apache.maven.lifecycle.internal.MojoExecutor.execute(MojoExecutor.java:207)
	... 20 more
Caused by: org.apache.maven.shared.release.ReleaseExecutionException: Maven execution failed, exit code: '1'
	at org.apache.maven.shared.release.phase.AbstractRunGoalsPhase.execute(AbstractRunGoalsPhase.java:89)
	at org.apache.maven.shared.release.phase.RunPerformGoalsPhase.runLogic(RunPerformGoalsPhase.java:124)
	at org.apache.maven.shared.release.phase.RunPerformGoalsPhase.execute(RunPerformGoalsPhase.java:46)
	at org.apache.maven.shared.release.DefaultReleaseManager.perform(DefaultReleaseManager.java:429)
	at org.apache.maven.shared.release.DefaultReleaseManager.perform(DefaultReleaseManager.java:381)
	at org.apache.maven.plugins.release.PerformReleaseMojo.execute(PerformReleaseMojo.java:149)
	... 22 more
Caused by: org.apache.maven.shared.release.exec.MavenExecutorException: Maven execution failed, exit code: '1'
	at org.apache.maven.shared.release.exec.InvokerMavenExecutor.executeGoals(InvokerMavenExecutor.java:409)
	at org.apache.maven.shared.release.exec.AbstractMavenExecutor.executeGoals(AbstractMavenExecutor.java:85)
	at org.apache.maven.shared.release.phase.AbstractRunGoalsPhase.execute(AbstractRunGoalsPhase.java:81)
	... 27 more
[ERROR] 
[ERROR] 
[ERROR] For more information about the errors and possible solutions, please read the following articles:
[ERROR] [Help 1] http://cwiki.apache.org/confluence/display/MAVEN/MojoExecutionException
